20240425-03:00:16 ----------------------------------------------------------------------------------------------------
20240425-03:02:33 epoch:1 - train loss: 0.726 and train acc: 0.738 total sample: 1148
20240425-03:02:33 train auc: 0.7425
20240425-03:02:51 epoch:1 - test loss: 0.912 and test acc: 0.704 total sample: 567
20240425-03:02:51 test auc: 0.6625
20240425-03:02:51 ----------------------------------------------------------------------------------------------------
20240425-03:05:08 epoch:2 - train loss: 0.696 and train acc: 0.733 total sample: 1148
20240425-03:05:08 train auc: 0.7502
20240425-03:05:26 epoch:2 - test loss: 0.999 and test acc: 0.700 total sample: 567
20240425-03:05:26 test auc: 0.6286
20240425-03:05:26 ----------------------------------------------------------------------------------------------------
20240425-03:07:41 epoch:3 - train loss: 0.622 and train acc: 0.757 total sample: 1148
20240425-03:07:41 train auc: 0.7653
20240425-03:07:59 epoch:3 - test loss: 0.934 and test acc: 0.690 total sample: 567
20240425-03:07:59 test auc: 0.6236
20240425-03:07:59 ----------------------------------------------------------------------------------------------------
20240425-03:10:17 epoch:4 - train loss: 0.693 and train acc: 0.753 total sample: 1148
20240425-03:10:17 train auc: 0.7706
20240425-03:10:35 epoch:4 - test loss: 0.982 and test acc: 0.713 total sample: 567
20240425-03:10:35 test auc: 0.6741
20240425-03:10:35 ----------------------------------------------------------------------------------------------------
20240425-03:12:50 epoch:5 - train loss: 0.632 and train acc: 0.767 total sample: 1148
20240425-03:12:50 train auc: 0.7811
20240425-03:13:11 epoch:5 - test loss: 0.928 and test acc: 0.732 total sample: 567
20240425-03:13:11 test auc: 0.6816
20240425-03:13:11 ----------------------------------------------------------------------------------------------------
20240425-03:15:27 epoch:6 - train loss: 0.580 and train acc: 0.769 total sample: 1148
20240425-03:15:27 train auc: 0.8090
20240425-03:15:46 epoch:6 - test loss: 0.847 and test acc: 0.716 total sample: 567
20240425-03:15:46 test auc: 0.7044
20240425-03:15:46 ----------------------------------------------------------------------------------------------------
20240425-03:18:01 epoch:7 - train loss: 0.666 and train acc: 0.758 total sample: 1148
20240425-03:18:01 train auc: 0.7937
20240425-03:18:21 epoch:7 - test loss: 1.029 and test acc: 0.737 total sample: 567
20240425-03:18:21 test auc: 0.6674
20240425-03:18:21 ----------------------------------------------------------------------------------------------------
20240425-03:20:37 epoch:8 - train loss: 0.628 and train acc: 0.783 total sample: 1148
20240425-03:20:37 train auc: 0.8167
20240425-03:20:54 epoch:8 - test loss: 0.976 and test acc: 0.744 total sample: 567
20240425-03:20:54 test auc: 0.7070
20240425-03:20:55 ----------------------------------------------------------------------------------------------------
20240425-03:23:11 epoch:9 - train loss: 0.523 and train acc: 0.775 total sample: 1148
20240425-03:23:11 train auc: 0.8210
20240425-03:23:29 epoch:9 - test loss: 0.815 and test acc: 0.730 total sample: 567
20240425-03:23:29 test auc: 0.6974
20240425-03:23:29 ----------------------------------------------------------------------------------------------------
20240425-03:25:44 epoch:10 - train loss: 0.616 and train acc: 0.771 total sample: 1148
20240425-03:25:44 train auc: 0.8163
20240425-03:26:02 epoch:10 - test loss: 0.963 and test acc: 0.734 total sample: 567
20240425-03:26:02 test auc: 0.6988
20240425-03:26:03 ----------------------------------------------------------------------------------------------------
20240425-03:28:18 epoch:11 - train loss: 0.647 and train acc: 0.790 total sample: 1148
20240425-03:28:18 train auc: 0.8293
20240425-03:28:36 epoch:11 - test loss: 0.986 and test acc: 0.753 total sample: 567
20240425-03:28:36 test auc: 0.7411
20240425-03:28:36 ----------------------------------------------------------------------------------------------------
20240425-03:30:50 epoch:12 - train loss: 0.594 and train acc: 0.791 total sample: 1148
20240425-03:30:50 train auc: 0.8038
20240425-03:31:08 epoch:12 - test loss: 0.814 and test acc: 0.741 total sample: 567
20240425-03:31:08 test auc: 0.7522
20240425-03:31:09 ----------------------------------------------------------------------------------------------------
20240425-03:33:23 epoch:13 - train loss: 0.544 and train acc: 0.772 total sample: 1148
20240425-03:33:23 train auc: 0.8050
20240425-03:33:41 epoch:13 - test loss: 0.731 and test acc: 0.748 total sample: 567
20240425-03:33:41 test auc: 0.7363
20240425-03:33:41 ----------------------------------------------------------------------------------------------------
20240425-03:35:56 epoch:14 - train loss: 0.625 and train acc: 0.780 total sample: 1148
20240425-03:35:56 train auc: 0.8104
20240425-03:36:15 epoch:14 - test loss: 0.878 and test acc: 0.746 total sample: 567
20240425-03:36:15 test auc: 0.7321
20240425-03:36:15 ----------------------------------------------------------------------------------------------------
20240425-03:38:30 epoch:15 - train loss: 0.596 and train acc: 0.820 total sample: 1148
20240425-03:38:30 train auc: 0.8433
20240425-03:38:48 epoch:15 - test loss: 0.796 and test acc: 0.781 total sample: 567
20240425-03:38:48 test auc: 0.7961
20240425-03:38:48 ----------------------------------------------------------------------------------------------------
20240425-03:41:02 epoch:16 - train loss: 0.516 and train acc: 0.806 total sample: 1148
20240425-03:41:02 train auc: 0.8302
20240425-03:41:21 epoch:16 - test loss: 0.760 and test acc: 0.762 total sample: 567
20240425-03:41:21 test auc: 0.7617
20240425-03:41:21 ----------------------------------------------------------------------------------------------------
20240425-03:43:37 epoch:17 - train loss: 0.519 and train acc: 0.828 total sample: 1148
20240425-03:43:37 train auc: 0.8551
20240425-03:43:54 epoch:17 - test loss: 0.818 and test acc: 0.778 total sample: 567
20240425-03:43:54 test auc: 0.7744
20240425-03:43:54 ----------------------------------------------------------------------------------------------------
20240425-03:46:10 epoch:18 - train loss: 0.508 and train acc: 0.818 total sample: 1148
20240425-03:46:10 train auc: 0.8513
20240425-03:46:27 epoch:18 - test loss: 0.733 and test acc: 0.771 total sample: 567
20240425-03:46:27 test auc: 0.7886
20240425-03:46:28 ----------------------------------------------------------------------------------------------------
20240425-03:48:42 epoch:19 - train loss: 0.547 and train acc: 0.811 total sample: 1148
20240425-03:48:42 train auc: 0.8524
20240425-03:48:59 epoch:19 - test loss: 0.745 and test acc: 0.776 total sample: 567
20240425-03:48:59 test auc: 0.8114
20240425-03:49:00 ----------------------------------------------------------------------------------------------------
20240425-03:51:14 epoch:20 - train loss: 0.554 and train acc: 0.814 total sample: 1148
20240425-03:51:14 train auc: 0.8499
20240425-03:51:32 epoch:20 - test loss: 0.784 and test acc: 0.781 total sample: 567
20240425-03:51:32 test auc: 0.7926
20240425-03:51:32 ----------------------------------------------------------------------------------------------------
20240425-03:53:46 epoch:21 - train loss: 0.713 and train acc: 0.797 total sample: 1148
20240425-03:53:46 train auc: 0.8575
20240425-03:54:04 epoch:21 - test loss: 1.045 and test acc: 0.748 total sample: 567
20240425-03:54:04 test auc: 0.7824
20240425-03:54:05 ----------------------------------------------------------------------------------------------------
20240425-03:56:19 epoch:22 - train loss: 0.443 and train acc: 0.827 total sample: 1148
20240425-03:56:19 train auc: 0.8830
20240425-03:56:36 epoch:22 - test loss: 0.722 and test acc: 0.780 total sample: 567
20240425-03:56:36 test auc: 0.7832
20240425-03:56:37 ----------------------------------------------------------------------------------------------------
20240425-03:58:51 epoch:23 - train loss: 0.491 and train acc: 0.813 total sample: 1148
20240425-03:58:51 train auc: 0.8667
20240425-03:59:10 epoch:23 - test loss: 0.749 and test acc: 0.772 total sample: 567
20240425-03:59:10 test auc: 0.7864
20240425-03:59:10 ----------------------------------------------------------------------------------------------------
20240425-04:01:24 epoch:24 - train loss: 0.429 and train acc: 0.846 total sample: 1148
20240425-04:01:24 train auc: 0.8865
20240425-04:01:42 epoch:24 - test loss: 0.679 and test acc: 0.801 total sample: 567
20240425-04:01:42 test auc: 0.8047
20240425-04:01:42 ----------------------------------------------------------------------------------------------------
20240425-04:03:55 epoch:25 - train loss: 0.530 and train acc: 0.820 total sample: 1148
20240425-04:03:55 train auc: 0.8712
20240425-04:04:14 epoch:25 - test loss: 0.842 and test acc: 0.764 total sample: 567
20240425-04:04:14 test auc: 0.7757
20240425-04:04:15 ----------------------------------------------------------------------------------------------------
20240425-04:06:28 epoch:26 - train loss: 0.432 and train acc: 0.834 total sample: 1148
20240425-04:06:28 train auc: 0.8818
20240425-04:06:46 epoch:26 - test loss: 0.668 and test acc: 0.781 total sample: 567
20240425-04:06:46 test auc: 0.7963
20240425-04:06:46 ----------------------------------------------------------------------------------------------------
20240425-04:08:59 epoch:27 - train loss: 0.481 and train acc: 0.839 total sample: 1148
20240425-04:08:59 train auc: 0.8769
20240425-04:09:18 epoch:27 - test loss: 0.737 and test acc: 0.780 total sample: 567
20240425-04:09:18 test auc: 0.7915
20240425-04:09:18 ----------------------------------------------------------------------------------------------------
20240425-04:11:32 epoch:28 - train loss: 0.526 and train acc: 0.832 total sample: 1148
20240425-04:11:32 train auc: 0.9018
20240425-04:11:49 epoch:28 - test loss: 0.926 and test acc: 0.772 total sample: 567
20240425-04:11:49 test auc: 0.7829
20240425-04:11:49 ----------------------------------------------------------------------------------------------------
20240425-04:14:02 epoch:29 - train loss: 0.481 and train acc: 0.838 total sample: 1148
20240425-04:14:02 train auc: 0.9094
20240425-04:14:20 epoch:29 - test loss: 0.865 and test acc: 0.785 total sample: 567
20240425-04:14:20 test auc: 0.7975
20240425-04:14:20 ----------------------------------------------------------------------------------------------------
20240425-04:16:35 epoch:30 - train loss: 0.724 and train acc: 0.812 total sample: 1148
20240425-04:16:35 train auc: 0.9102
20240425-04:16:52 epoch:30 - test loss: 1.177 and test acc: 0.765 total sample: 567
20240425-04:16:52 test auc: 0.8206
20240425-04:16:52 ----------------------------------------------------------------------------------------------------
20240425-04:19:06 epoch:31 - train loss: 0.369 and train acc: 0.867 total sample: 1148
20240425-04:19:06 train auc: 0.9232
20240425-04:19:23 epoch:31 - test loss: 0.741 and test acc: 0.790 total sample: 567
20240425-04:19:23 test auc: 0.7897
20240425-04:19:23 ----------------------------------------------------------------------------------------------------
20240425-04:21:37 epoch:32 - train loss: 0.449 and train acc: 0.835 total sample: 1148
20240425-04:21:37 train auc: 0.9211
20240425-04:21:54 epoch:32 - test loss: 0.919 and test acc: 0.764 total sample: 567
20240425-04:21:54 test auc: 0.7691
20240425-04:21:54 ----------------------------------------------------------------------------------------------------
20240425-04:24:08 epoch:33 - train loss: 0.384 and train acc: 0.855 total sample: 1148
20240425-04:24:08 train auc: 0.9068
20240425-04:24:26 epoch:33 - test loss: 0.718 and test acc: 0.781 total sample: 567
20240425-04:24:26 test auc: 0.7746
20240425-04:24:26 ----------------------------------------------------------------------------------------------------
20240425-04:26:39 epoch:34 - train loss: 0.526 and train acc: 0.825 total sample: 1148
20240425-04:26:39 train auc: 0.9235
20240425-04:26:56 epoch:34 - test loss: 1.004 and test acc: 0.760 total sample: 567
20240425-04:26:56 test auc: 0.8096
20240425-04:26:56 ----------------------------------------------------------------------------------------------------
20240425-04:29:10 epoch:35 - train loss: 0.529 and train acc: 0.822 total sample: 1148
20240425-04:29:10 train auc: 0.9103
20240425-04:29:28 epoch:35 - test loss: 0.880 and test acc: 0.781 total sample: 567
20240425-04:29:28 test auc: 0.8052
20240425-04:29:28 ----------------------------------------------------------------------------------------------------
20240425-04:31:40 epoch:36 - train loss: 0.448 and train acc: 0.858 total sample: 1148
20240425-04:31:40 train auc: 0.9233
20240425-04:31:57 epoch:36 - test loss: 0.874 and test acc: 0.792 total sample: 567
20240425-04:31:57 test auc: 0.8101
20240425-04:31:58 ----------------------------------------------------------------------------------------------------
20240425-04:34:13 epoch:37 - train loss: 0.435 and train acc: 0.861 total sample: 1148
20240425-04:34:13 train auc: 0.9352
20240425-04:34:31 epoch:37 - test loss: 0.962 and test acc: 0.771 total sample: 567
20240425-04:34:31 test auc: 0.7880
20240425-04:34:32 ----------------------------------------------------------------------------------------------------
20240425-04:36:45 epoch:38 - train loss: 0.468 and train acc: 0.836 total sample: 1148
20240425-04:36:45 train auc: 0.9340
20240425-04:37:04 epoch:38 - test loss: 0.887 and test acc: 0.772 total sample: 567
20240425-04:37:04 test auc: 0.8138
20240425-04:37:04 ----------------------------------------------------------------------------------------------------
20240425-04:39:21 epoch:39 - train loss: 0.440 and train acc: 0.839 total sample: 1148
20240425-04:39:21 train auc: 0.9187
20240425-04:39:38 epoch:39 - test loss: 0.881 and test acc: 0.762 total sample: 567
20240425-04:39:38 test auc: 0.8052
20240425-04:39:39 ----------------------------------------------------------------------------------------------------
20240425-04:41:54 epoch:40 - train loss: 0.486 and train acc: 0.843 total sample: 1148
20240425-04:41:54 train auc: 0.9286
20240425-04:42:13 epoch:40 - test loss: 1.015 and test acc: 0.772 total sample: 567
20240425-04:42:13 test auc: 0.7832
20240425-04:42:13 ----------------------------------------------------------------------------------------------------
20240425-04:44:30 epoch:41 - train loss: 0.718 and train acc: 0.799 total sample: 1148
20240425-04:44:30 train auc: 0.9249
20240425-04:44:48 epoch:41 - test loss: 1.285 and test acc: 0.746 total sample: 567
20240425-04:44:48 test auc: 0.8019
20240425-04:44:48 ----------------------------------------------------------------------------------------------------
20240425-04:47:04 epoch:42 - train loss: 0.340 and train acc: 0.877 total sample: 1148
20240425-04:47:04 train auc: 0.9481
20240425-04:47:22 epoch:42 - test loss: 0.843 and test acc: 0.792 total sample: 567
20240425-04:47:22 test auc: 0.8084
20240425-04:47:22 ----------------------------------------------------------------------------------------------------
20240425-04:49:39 epoch:43 - train loss: 0.411 and train acc: 0.866 total sample: 1148
20240425-04:49:39 train auc: 0.9428
20240425-04:49:57 epoch:43 - test loss: 0.843 and test acc: 0.788 total sample: 567
20240425-04:49:57 test auc: 0.8304
20240425-04:49:57 ----------------------------------------------------------------------------------------------------
20240425-04:52:14 epoch:44 - train loss: 0.269 and train acc: 0.895 total sample: 1148
20240425-04:52:14 train auc: 0.9484
20240425-04:52:32 epoch:44 - test loss: 0.604 and test acc: 0.797 total sample: 567
20240425-04:52:32 test auc: 0.8282
20240425-04:52:32 ----------------------------------------------------------------------------------------------------
20240425-04:54:47 epoch:45 - train loss: 0.440 and train acc: 0.840 total sample: 1148
20240425-04:54:47 train auc: 0.9422
20240425-04:55:07 epoch:45 - test loss: 0.943 and test acc: 0.771 total sample: 567
20240425-04:55:07 test auc: 0.8184
20240425-04:55:07 ----------------------------------------------------------------------------------------------------
20240425-04:57:23 epoch:46 - train loss: 0.502 and train acc: 0.835 total sample: 1148
20240425-04:57:23 train auc: 0.9499
20240425-04:57:41 epoch:46 - test loss: 1.092 and test acc: 0.774 total sample: 567
20240425-04:57:41 test auc: 0.8253
20240425-04:57:42 ----------------------------------------------------------------------------------------------------
20240425-04:59:57 epoch:47 - train loss: 0.297 and train acc: 0.881 total sample: 1148
20240425-04:59:57 train auc: 0.9523
20240425-05:00:16 epoch:47 - test loss: 0.775 and test acc: 0.794 total sample: 567
20240425-05:00:16 test auc: 0.8110
20240425-05:00:16 ----------------------------------------------------------------------------------------------------
20240425-05:02:32 epoch:48 - train loss: 0.414 and train acc: 0.864 total sample: 1148
20240425-05:02:32 train auc: 0.9629
20240425-05:02:50 epoch:48 - test loss: 0.988 and test acc: 0.788 total sample: 567
20240425-05:02:50 test auc: 0.8182
20240425-05:02:50 ----------------------------------------------------------------------------------------------------
20240425-05:05:06 epoch:49 - train loss: 0.436 and train acc: 0.843 total sample: 1148
20240425-05:05:06 train auc: 0.9495
20240425-05:05:24 epoch:49 - test loss: 1.012 and test acc: 0.778 total sample: 567
20240425-05:05:24 test auc: 0.8245
20240425-05:05:24 ----------------------------------------------------------------------------------------------------
20240425-05:07:40 epoch:50 - train loss: 0.257 and train acc: 0.899 total sample: 1148
20240425-05:07:40 train auc: 0.9569
20240425-05:07:58 epoch:50 - test loss: 0.747 and test acc: 0.801 total sample: 567
20240425-05:07:58 test auc: 0.8153
20240425-05:07:59 ----------------------------------------------------------------------------------------------------
20240425-05:10:15 epoch:51 - train loss: 0.225 and train acc: 0.901 total sample: 1148
20240425-05:10:15 train auc: 0.9663
20240425-05:10:32 epoch:51 - test loss: 0.721 and test acc: 0.808 total sample: 567
20240425-05:10:32 test auc: 0.8123
20240425-05:10:32 ----------------------------------------------------------------------------------------------------
20240425-05:12:47 epoch:52 - train loss: 0.325 and train acc: 0.867 total sample: 1148
20240425-05:12:47 train auc: 0.9508
20240425-05:13:07 epoch:52 - test loss: 0.816 and test acc: 0.767 total sample: 567
20240425-05:13:07 test auc: 0.8078
20240425-05:13:07 ----------------------------------------------------------------------------------------------------
20240425-05:15:23 epoch:53 - train loss: 0.305 and train acc: 0.895 total sample: 1148
20240425-05:15:23 train auc: 0.9741
20240425-05:15:41 epoch:53 - test loss: 1.002 and test acc: 0.799 total sample: 567
20240425-05:15:41 test auc: 0.8008
20240425-05:15:41 ----------------------------------------------------------------------------------------------------
20240425-05:17:57 epoch:54 - train loss: 0.305 and train acc: 0.882 total sample: 1148
20240425-05:17:57 train auc: 0.9660
20240425-05:18:16 epoch:54 - test loss: 0.899 and test acc: 0.802 total sample: 567
20240425-05:18:16 test auc: 0.8244
20240425-05:18:16 ----------------------------------------------------------------------------------------------------
20240425-05:20:32 epoch:55 - train loss: 0.358 and train acc: 0.882 total sample: 1148
20240425-05:20:32 train auc: 0.9686
20240425-05:20:50 epoch:55 - test loss: 1.175 and test acc: 0.778 total sample: 567
20240425-05:20:50 test auc: 0.8076
20240425-05:20:50 ----------------------------------------------------------------------------------------------------
20240425-05:23:06 epoch:56 - train loss: 0.250 and train acc: 0.897 total sample: 1148
20240425-05:23:06 train auc: 0.9584
20240425-05:23:24 epoch:56 - test loss: 0.855 and test acc: 0.764 total sample: 567
20240425-05:23:24 test auc: 0.7702
20240425-05:23:25 ----------------------------------------------------------------------------------------------------
20240425-05:25:39 epoch:57 - train loss: 0.187 and train acc: 0.929 total sample: 1148
20240425-05:25:39 train auc: 0.9784
20240425-05:25:57 epoch:57 - test loss: 0.875 and test acc: 0.783 total sample: 567
20240425-05:25:57 test auc: 0.7881
20240425-05:25:57 ----------------------------------------------------------------------------------------------------
20240425-05:28:14 epoch:58 - train loss: 0.232 and train acc: 0.909 total sample: 1148
20240425-05:28:14 train auc: 0.9758
20240425-05:28:31 epoch:58 - test loss: 0.884 and test acc: 0.787 total sample: 567
20240425-05:28:31 test auc: 0.8146
20240425-05:28:32 ----------------------------------------------------------------------------------------------------
20240425-05:30:46 epoch:59 - train loss: 0.254 and train acc: 0.898 total sample: 1148
20240425-05:30:46 train auc: 0.9735
20240425-05:31:05 epoch:59 - test loss: 0.937 and test acc: 0.788 total sample: 567
20240425-05:31:05 test auc: 0.8166
20240425-05:31:06 ----------------------------------------------------------------------------------------------------
20240425-05:33:21 epoch:60 - train loss: 0.251 and train acc: 0.901 total sample: 1148
20240425-05:33:21 train auc: 0.9638
20240425-05:33:39 epoch:60 - test loss: 0.900 and test acc: 0.801 total sample: 567
20240425-05:33:39 test auc: 0.7893
20240425-05:33:39 ----------------------------------------------------------------------------------------------------
20240425-05:35:53 epoch:61 - train loss: 0.224 and train acc: 0.913 total sample: 1148
20240425-05:35:53 train auc: 0.9818
20240425-05:36:13 epoch:61 - test loss: 1.011 and test acc: 0.810 total sample: 567
20240425-05:36:13 test auc: 0.8087
20240425-05:36:13 ----------------------------------------------------------------------------------------------------
20240425-05:38:29 epoch:62 - train loss: 0.173 and train acc: 0.926 total sample: 1148
20240425-05:38:29 train auc: 0.9847
20240425-05:38:46 epoch:62 - test loss: 0.944 and test acc: 0.799 total sample: 567
20240425-05:38:46 test auc: 0.7985
20240425-05:38:47 ----------------------------------------------------------------------------------------------------
20240425-05:41:01 epoch:63 - train loss: 0.153 and train acc: 0.931 total sample: 1148
20240425-05:41:01 train auc: 0.9837
20240425-05:41:20 epoch:63 - test loss: 0.794 and test acc: 0.815 total sample: 567
20240425-05:41:20 test auc: 0.8151
20240425-05:41:20 ----------------------------------------------------------------------------------------------------
20240425-05:43:36 epoch:64 - train loss: 0.258 and train acc: 0.900 total sample: 1148
20240425-05:43:36 train auc: 0.9777
20240425-05:43:54 epoch:64 - test loss: 1.139 and test acc: 0.801 total sample: 567
20240425-05:43:54 test auc: 0.7957
20240425-05:43:54 ----------------------------------------------------------------------------------------------------
20240425-05:46:10 epoch:65 - train loss: 0.242 and train acc: 0.907 total sample: 1148
20240425-05:46:10 train auc: 0.9777
20240425-05:46:28 epoch:65 - test loss: 1.036 and test acc: 0.794 total sample: 567
20240425-05:46:28 test auc: 0.7991
20240425-05:46:28 ----------------------------------------------------------------------------------------------------
20240425-05:48:43 epoch:66 - train loss: 0.245 and train acc: 0.902 total sample: 1148
20240425-05:48:43 train auc: 0.9791
20240425-05:49:01 epoch:66 - test loss: 1.060 and test acc: 0.783 total sample: 567
20240425-05:49:01 test auc: 0.8211
20240425-05:49:01 ----------------------------------------------------------------------------------------------------
20240425-05:51:16 epoch:67 - train loss: 0.105 and train acc: 0.963 total sample: 1148
20240425-05:51:16 train auc: 0.9932
20240425-05:51:34 epoch:67 - test loss: 0.886 and test acc: 0.813 total sample: 567
20240425-05:51:34 test auc: 0.8056
20240425-05:51:34 ----------------------------------------------------------------------------------------------------
20240425-05:53:48 epoch:68 - train loss: 0.162 and train acc: 0.937 total sample: 1148
20240425-05:53:48 train auc: 0.9818
20240425-05:54:07 epoch:68 - test loss: 0.857 and test acc: 0.774 total sample: 567
20240425-05:54:07 test auc: 0.7957
20240425-05:54:07 ----------------------------------------------------------------------------------------------------
20240425-05:56:21 epoch:69 - train loss: 0.221 and train acc: 0.922 total sample: 1148
20240425-05:56:21 train auc: 0.9893
20240425-05:56:39 epoch:69 - test loss: 1.062 and test acc: 0.810 total sample: 567
20240425-05:56:39 test auc: 0.8425
20240425-05:56:39 ----------------------------------------------------------------------------------------------------
20240425-05:58:52 epoch:70 - train loss: 0.181 and train acc: 0.925 total sample: 1148
20240425-05:58:52 train auc: 0.9834
20240425-05:59:11 epoch:70 - test loss: 0.959 and test acc: 0.795 total sample: 567
20240425-05:59:11 test auc: 0.8238
20240425-05:59:11 ----------------------------------------------------------------------------------------------------
20240425-06:01:26 epoch:71 - train loss: 0.168 and train acc: 0.939 total sample: 1148
20240425-06:01:26 train auc: 0.9911
20240425-06:01:43 epoch:71 - test loss: 1.133 and test acc: 0.810 total sample: 567
20240425-06:01:43 test auc: 0.8173
20240425-06:01:43 ----------------------------------------------------------------------------------------------------
20240425-06:03:56 epoch:72 - train loss: 0.170 and train acc: 0.934 total sample: 1148
20240425-06:03:56 train auc: 0.9908
20240425-06:04:14 epoch:72 - test loss: 1.080 and test acc: 0.795 total sample: 567
20240425-06:04:14 test auc: 0.8157
20240425-06:04:15 ----------------------------------------------------------------------------------------------------
20240425-06:06:28 epoch:73 - train loss: 0.435 and train acc: 0.865 total sample: 1148
20240425-06:06:28 train auc: 0.9771
20240425-06:06:46 epoch:73 - test loss: 1.558 and test acc: 0.755 total sample: 567
20240425-06:06:46 test auc: 0.7825
20240425-06:06:46 ----------------------------------------------------------------------------------------------------
20240425-06:08:59 epoch:74 - train loss: 0.204 and train acc: 0.913 total sample: 1148
20240425-06:08:59 train auc: 0.9793
20240425-06:09:18 epoch:74 - test loss: 1.086 and test acc: 0.780 total sample: 567
20240425-06:09:18 test auc: 0.7984
20240425-06:09:18 ----------------------------------------------------------------------------------------------------
20240425-06:11:32 epoch:75 - train loss: 0.163 and train acc: 0.935 total sample: 1148
20240425-06:11:32 train auc: 0.9876
20240425-06:11:49 epoch:75 - test loss: 1.000 and test acc: 0.802 total sample: 567
20240425-06:11:49 test auc: 0.8135
20240425-06:11:50 ----------------------------------------------------------------------------------------------------
20240425-06:14:03 epoch:76 - train loss: 0.265 and train acc: 0.903 total sample: 1148
20240425-06:14:03 train auc: 0.9906
20240425-06:14:21 epoch:76 - test loss: 1.226 and test acc: 0.787 total sample: 567
20240425-06:14:21 test auc: 0.8488
20240425-06:14:21 ----------------------------------------------------------------------------------------------------
20240425-06:16:35 epoch:77 - train loss: 0.380 and train acc: 0.885 total sample: 1148
20240425-06:16:35 train auc: 0.9913
20240425-06:16:52 epoch:77 - test loss: 1.579 and test acc: 0.772 total sample: 567
20240425-06:16:52 test auc: 0.8210
20240425-06:16:52 ----------------------------------------------------------------------------------------------------
20240425-06:19:06 epoch:78 - train loss: 0.240 and train acc: 0.915 total sample: 1148
20240425-06:19:06 train auc: 0.9951
20240425-06:19:24 epoch:78 - test loss: 1.484 and test acc: 0.792 total sample: 567
20240425-06:19:24 test auc: 0.8224
20240425-06:19:24 ----------------------------------------------------------------------------------------------------
20240425-06:21:38 epoch:79 - train loss: 0.229 and train acc: 0.915 total sample: 1148
20240425-06:21:38 train auc: 0.9928
20240425-06:21:55 epoch:79 - test loss: 1.394 and test acc: 0.794 total sample: 567
20240425-06:21:55 test auc: 0.8028
20240425-06:21:55 ----------------------------------------------------------------------------------------------------
20240425-06:24:09 epoch:80 - train loss: 0.188 and train acc: 0.931 total sample: 1148
20240425-06:24:09 train auc: 0.9824
20240425-06:24:27 epoch:80 - test loss: 1.182 and test acc: 0.780 total sample: 567
20240425-06:24:27 test auc: 0.7912
20240425-06:24:27 ----------------------------------------------------------------------------------------------------
20240425-06:26:40 epoch:81 - train loss: 0.195 and train acc: 0.923 total sample: 1148
20240425-06:26:40 train auc: 0.9921
20240425-06:26:58 epoch:81 - test loss: 1.325 and test acc: 0.801 total sample: 567
20240425-06:26:58 test auc: 0.8005
20240425-06:26:58 ----------------------------------------------------------------------------------------------------
20240425-06:29:12 epoch:82 - train loss: 0.091 and train acc: 0.964 total sample: 1148
20240425-06:29:12 train auc: 0.9944
20240425-06:29:29 epoch:82 - test loss: 0.914 and test acc: 0.795 total sample: 567
20240425-06:29:29 test auc: 0.7938
20240425-06:29:29 ----------------------------------------------------------------------------------------------------
20240425-06:31:42 epoch:83 - train loss: 0.127 and train acc: 0.952 total sample: 1148
20240425-06:31:42 train auc: 0.9906
20240425-06:32:00 epoch:83 - test loss: 1.029 and test acc: 0.817 total sample: 567
20240425-06:32:00 test auc: 0.8008
20240425-06:32:00 ----------------------------------------------------------------------------------------------------
20240425-06:34:14 epoch:84 - train loss: 0.108 and train acc: 0.950 total sample: 1148
20240425-06:34:14 train auc: 0.9946
20240425-06:34:31 epoch:84 - test loss: 1.090 and test acc: 0.804 total sample: 567
20240425-06:34:31 test auc: 0.7833
20240425-06:34:31 ----------------------------------------------------------------------------------------------------
20240425-06:36:44 epoch:85 - train loss: 0.178 and train acc: 0.929 total sample: 1148
20240425-06:36:44 train auc: 0.9896
20240425-06:37:02 epoch:85 - test loss: 1.131 and test acc: 0.802 total sample: 567
20240425-06:37:02 test auc: 0.8272
20240425-06:37:02 ----------------------------------------------------------------------------------------------------
20240425-06:39:16 epoch:86 - train loss: 0.160 and train acc: 0.937 total sample: 1148
20240425-06:39:16 train auc: 0.9915
20240425-06:39:33 epoch:86 - test loss: 1.274 and test acc: 0.790 total sample: 567
20240425-06:39:33 test auc: 0.8254
20240425-06:39:34 ----------------------------------------------------------------------------------------------------
20240425-06:41:46 epoch:87 - train loss: 0.180 and train acc: 0.936 total sample: 1148
20240425-06:41:46 train auc: 0.9811
20240425-06:42:04 epoch:87 - test loss: 1.033 and test acc: 0.802 total sample: 567
20240425-06:42:04 test auc: 0.7980
20240425-06:42:04 ----------------------------------------------------------------------------------------------------
20240425-06:44:18 epoch:88 - train loss: 0.137 and train acc: 0.943 total sample: 1148
20240425-06:44:18 train auc: 0.9893
20240425-06:44:35 epoch:88 - test loss: 1.159 and test acc: 0.790 total sample: 567
20240425-06:44:35 test auc: 0.7911
20240425-06:44:36 ----------------------------------------------------------------------------------------------------
20240425-06:46:48 epoch:89 - train loss: 0.139 and train acc: 0.946 total sample: 1148
20240425-06:46:48 train auc: 0.9926
20240425-06:47:07 epoch:89 - test loss: 1.188 and test acc: 0.790 total sample: 567
20240425-06:47:07 test auc: 0.8180
20240425-06:47:07 ----------------------------------------------------------------------------------------------------
20240425-06:49:21 epoch:90 - train loss: 0.149 and train acc: 0.937 total sample: 1148
20240425-06:49:21 train auc: 0.9915
20240425-06:49:39 epoch:90 - test loss: 1.202 and test acc: 0.767 total sample: 567
20240425-06:49:39 test auc: 0.8103
20240425-06:49:39 ----------------------------------------------------------------------------------------------------
20240425-06:51:51 epoch:91 - train loss: 0.188 and train acc: 0.929 total sample: 1148
20240425-06:51:51 train auc: 0.9951
20240425-06:52:10 epoch:91 - test loss: 1.358 and test acc: 0.788 total sample: 567
20240425-06:52:10 test auc: 0.8328
20240425-06:52:10 ----------------------------------------------------------------------------------------------------
20240425-06:54:24 epoch:92 - train loss: 0.110 and train acc: 0.956 total sample: 1148
20240425-06:54:24 train auc: 0.9942
20240425-06:54:41 epoch:92 - test loss: 1.070 and test acc: 0.824 total sample: 567
20240425-06:54:41 test auc: 0.8076
20240425-06:54:41 ----------------------------------------------------------------------------------------------------
20240425-06:56:54 epoch:93 - train loss: 0.135 and train acc: 0.953 total sample: 1148
20240425-06:56:54 train auc: 0.9898
20240425-06:57:12 epoch:93 - test loss: 1.033 and test acc: 0.806 total sample: 567
20240425-06:57:12 test auc: 0.8102
20240425-06:57:13 ----------------------------------------------------------------------------------------------------
20240425-06:59:26 epoch:94 - train loss: 0.137 and train acc: 0.948 total sample: 1148
20240425-06:59:26 train auc: 0.9930
20240425-06:59:43 epoch:94 - test loss: 1.127 and test acc: 0.790 total sample: 567
20240425-06:59:43 test auc: 0.8313
20240425-06:59:44 ----------------------------------------------------------------------------------------------------
20240425-07:01:56 epoch:95 - train loss: 0.084 and train acc: 0.970 total sample: 1148
20240425-07:01:56 train auc: 0.9956
20240425-07:02:15 epoch:95 - test loss: 0.874 and test acc: 0.827 total sample: 567
20240425-07:02:15 test auc: 0.8688
20240425-07:02:15 ----------------------------------------------------------------------------------------------------
20240425-07:04:28 epoch:96 - train loss: 0.062 and train acc: 0.974 total sample: 1148
20240425-07:04:28 train auc: 0.9983
20240425-07:04:46 epoch:96 - test loss: 1.187 and test acc: 0.806 total sample: 567
20240425-07:04:46 test auc: 0.8002
20240425-07:04:46 ----------------------------------------------------------------------------------------------------
20240425-07:07:00 epoch:97 - train loss: 0.086 and train acc: 0.968 total sample: 1148
20240425-07:07:00 train auc: 0.9958
20240425-07:07:18 epoch:97 - test loss: 1.057 and test acc: 0.799 total sample: 567
20240425-07:07:18 test auc: 0.8353
20240425-07:07:19 ----------------------------------------------------------------------------------------------------
20240425-07:09:33 epoch:98 - train loss: 0.098 and train acc: 0.964 total sample: 1148
20240425-07:09:33 train auc: 0.9935
20240425-07:09:51 epoch:98 - test loss: 0.886 and test acc: 0.797 total sample: 567
20240425-07:09:51 test auc: 0.8102
20240425-07:09:51 ----------------------------------------------------------------------------------------------------
20240425-07:12:04 epoch:99 - train loss: 0.096 and train acc: 0.962 total sample: 1148
20240425-07:12:04 train auc: 0.9939
20240425-07:12:22 epoch:99 - test loss: 1.027 and test acc: 0.795 total sample: 567
20240425-07:12:22 test auc: 0.8210
20240425-07:12:22 ----------------------------------------------------------------------------------------------------
20240425-07:14:35 epoch:100 - train loss: 0.105 and train acc: 0.956 total sample: 1148
20240425-07:14:35 train auc: 0.9984
20240425-07:14:52 epoch:100 - test loss: 1.304 and test acc: 0.817 total sample: 567
20240425-07:14:52 test auc: 0.8287
20240425-07:14:52 ----------------------------------------------------------------------------------------------------
20240425-07:17:06 epoch:101 - train loss: 0.071 and train acc: 0.975 total sample: 1148
20240425-07:17:06 train auc: 0.9964
20240425-07:17:23 epoch:101 - test loss: 0.969 and test acc: 0.792 total sample: 567
20240425-07:17:23 test auc: 0.8137
20240425-07:17:24 ----------------------------------------------------------------------------------------------------
20240425-07:19:37 epoch:102 - train loss: 0.114 and train acc: 0.950 total sample: 1148
20240425-07:19:37 train auc: 0.9948
20240425-07:19:54 epoch:102 - test loss: 0.787 and test acc: 0.776 total sample: 567
20240425-07:19:54 test auc: 0.8244
20240425-07:19:55 ----------------------------------------------------------------------------------------------------
20240425-07:22:08 epoch:103 - train loss: 0.133 and train acc: 0.943 total sample: 1148
20240425-07:22:08 train auc: 0.9895
20240425-07:22:25 epoch:103 - test loss: 1.030 and test acc: 0.802 total sample: 567
20240425-07:22:25 test auc: 0.8106
20240425-07:22:26 ----------------------------------------------------------------------------------------------------
20240425-07:24:38 epoch:104 - train loss: 0.166 and train acc: 0.940 total sample: 1148
20240425-07:24:38 train auc: 0.9896
20240425-07:24:56 epoch:104 - test loss: 1.221 and test acc: 0.787 total sample: 567
20240425-07:24:56 test auc: 0.8032
20240425-07:24:56 ----------------------------------------------------------------------------------------------------
20240425-07:27:10 epoch:105 - train loss: 0.159 and train acc: 0.942 total sample: 1148
20240425-07:27:10 train auc: 0.9833
20240425-07:27:27 epoch:105 - test loss: 1.112 and test acc: 0.783 total sample: 567
20240425-07:27:27 test auc: 0.7974
20240425-07:27:27 ----------------------------------------------------------------------------------------------------
20240425-07:29:39 epoch:106 - train loss: 0.067 and train acc: 0.974 total sample: 1148
20240425-07:29:39 train auc: 0.9971
20240425-07:29:57 epoch:106 - test loss: 0.959 and test acc: 0.804 total sample: 567
20240425-07:29:57 test auc: 0.8209
20240425-07:29:57 ----------------------------------------------------------------------------------------------------
20240425-07:32:11 epoch:107 - train loss: 0.058 and train acc: 0.978 total sample: 1148
20240425-07:32:11 train auc: 0.9984
20240425-07:32:29 epoch:107 - test loss: 1.126 and test acc: 0.836 total sample: 567
20240425-07:32:29 test auc: 0.8385
20240425-07:32:29 ----------------------------------------------------------------------------------------------------
20240425-07:34:43 epoch:108 - train loss: 0.097 and train acc: 0.964 total sample: 1148
20240425-07:34:43 train auc: 0.9966
20240425-07:35:00 epoch:108 - test loss: 1.224 and test acc: 0.808 total sample: 567
20240425-07:35:00 test auc: 0.8094
20240425-07:35:01 ----------------------------------------------------------------------------------------------------
20240425-07:37:14 epoch:109 - train loss: 0.119 and train acc: 0.955 total sample: 1148
20240425-07:37:14 train auc: 0.9958
20240425-07:37:32 epoch:109 - test loss: 1.237 and test acc: 0.806 total sample: 567
20240425-07:37:32 test auc: 0.8312
20240425-07:37:32 ----------------------------------------------------------------------------------------------------
20240425-07:39:44 epoch:110 - train loss: 0.056 and train acc: 0.977 total sample: 1148
20240425-07:39:44 train auc: 0.9980
20240425-07:40:01 epoch:110 - test loss: 0.971 and test acc: 0.818 total sample: 567
20240425-07:40:01 test auc: 0.8310
20240425-07:40:01 ----------------------------------------------------------------------------------------------------
20240425-07:42:15 epoch:111 - train loss: 0.089 and train acc: 0.966 total sample: 1148
20240425-07:42:15 train auc: 0.9963
20240425-07:42:33 epoch:111 - test loss: 0.920 and test acc: 0.780 total sample: 567
20240425-07:42:33 test auc: 0.8144
20240425-07:42:33 ----------------------------------------------------------------------------------------------------
20240425-07:44:46 epoch:112 - train loss: 0.098 and train acc: 0.963 total sample: 1148
20240425-07:44:46 train auc: 0.9936
20240425-07:45:05 epoch:112 - test loss: 1.088 and test acc: 0.802 total sample: 567
20240425-07:45:05 test auc: 0.8000
20240425-07:45:05 ----------------------------------------------------------------------------------------------------
20240425-07:47:18 epoch:113 - train loss: 0.072 and train acc: 0.970 total sample: 1148
20240425-07:47:18 train auc: 0.9971
20240425-07:47:36 epoch:113 - test loss: 1.069 and test acc: 0.810 total sample: 567
20240425-07:47:36 test auc: 0.8238
20240425-07:47:36 ----------------------------------------------------------------------------------------------------
20240425-07:49:48 epoch:114 - train loss: 0.064 and train acc: 0.976 total sample: 1148
20240425-07:49:48 train auc: 0.9969
20240425-07:50:07 epoch:114 - test loss: 0.948 and test acc: 0.810 total sample: 567
20240425-07:50:07 test auc: 0.8307
20240425-07:50:07 ----------------------------------------------------------------------------------------------------
20240425-07:52:20 epoch:115 - train loss: 0.104 and train acc: 0.963 total sample: 1148
20240425-07:52:20 train auc: 0.9962
20240425-07:52:37 epoch:115 - test loss: 1.346 and test acc: 0.797 total sample: 567
20240425-07:52:37 test auc: 0.8263
20240425-07:52:37 ----------------------------------------------------------------------------------------------------
20240425-07:54:50 epoch:116 - train loss: 0.091 and train acc: 0.964 total sample: 1148
20240425-07:54:50 train auc: 0.9958
20240425-07:55:08 epoch:116 - test loss: 0.860 and test acc: 0.783 total sample: 567
20240425-07:55:08 test auc: 0.8030
20240425-07:55:08 ----------------------------------------------------------------------------------------------------
20240425-07:57:22 epoch:117 - train loss: 0.094 and train acc: 0.960 total sample: 1148
20240425-07:57:22 train auc: 0.9970
20240425-07:57:40 epoch:117 - test loss: 0.958 and test acc: 0.788 total sample: 567
20240425-07:57:40 test auc: 0.7899
20240425-07:57:40 ----------------------------------------------------------------------------------------------------
20240425-07:59:53 epoch:118 - train loss: 0.085 and train acc: 0.970 total sample: 1148
20240425-07:59:53 train auc: 0.9972
20240425-08:00:11 epoch:118 - test loss: 0.934 and test acc: 0.769 total sample: 567
20240425-08:00:11 test auc: 0.8048
20240425-08:00:11 ----------------------------------------------------------------------------------------------------
20240425-08:02:25 epoch:119 - train loss: 0.098 and train acc: 0.963 total sample: 1148
20240425-08:02:25 train auc: 0.9961
20240425-08:02:42 epoch:119 - test loss: 1.007 and test acc: 0.799 total sample: 567
20240425-08:02:42 test auc: 0.7970
20240425-08:02:42 ----------------------------------------------------------------------------------------------------
20240425-08:04:55 epoch:120 - train loss: 0.060 and train acc: 0.978 total sample: 1148
20240425-08:04:55 train auc: 0.9976
20240425-08:05:14 epoch:120 - test loss: 1.082 and test acc: 0.797 total sample: 567
20240425-08:05:14 test auc: 0.7963
20240425-08:05:14 ----------------------------------------------------------------------------------------------------
20240425-08:07:27 epoch:121 - train loss: 0.058 and train acc: 0.981 total sample: 1148
20240425-08:07:27 train auc: 0.9978
20240425-08:07:44 epoch:121 - test loss: 1.006 and test acc: 0.829 total sample: 567
20240425-08:07:44 test auc: 0.8187
20240425-08:07:44 ----------------------------------------------------------------------------------------------------
20240425-08:09:57 epoch:122 - train loss: 0.072 and train acc: 0.973 total sample: 1148
20240425-08:09:57 train auc: 0.9962
20240425-08:10:15 epoch:122 - test loss: 1.008 and test acc: 0.811 total sample: 567
20240425-08:10:15 test auc: 0.8111
20240425-08:10:15 ----------------------------------------------------------------------------------------------------
20240425-08:12:29 epoch:123 - train loss: 0.079 and train acc: 0.970 total sample: 1148
20240425-08:12:29 train auc: 0.9974
20240425-08:12:47 epoch:123 - test loss: 1.245 and test acc: 0.811 total sample: 567
20240425-08:12:47 test auc: 0.8190
20240425-08:12:47 ----------------------------------------------------------------------------------------------------
20240425-08:14:59 epoch:124 - train loss: 0.055 and train acc: 0.976 total sample: 1148
20240425-08:14:59 train auc: 0.9983
20240425-08:15:18 epoch:124 - test loss: 1.053 and test acc: 0.804 total sample: 567
20240425-08:15:18 test auc: 0.7933
20240425-08:15:18 ----------------------------------------------------------------------------------------------------
20240425-08:17:33 epoch:125 - train loss: 0.054 and train acc: 0.979 total sample: 1148
20240425-08:17:33 train auc: 0.9977
20240425-08:17:51 epoch:125 - test loss: 1.115 and test acc: 0.804 total sample: 567
20240425-08:17:51 test auc: 0.7984
20240425-08:17:51 ----------------------------------------------------------------------------------------------------
20240425-08:20:04 epoch:126 - train loss: 0.075 and train acc: 0.969 total sample: 1148
20240425-08:20:04 train auc: 0.9961
20240425-08:20:23 epoch:126 - test loss: 1.144 and test acc: 0.792 total sample: 567
20240425-08:20:23 test auc: 0.8115
20240425-08:20:23 ----------------------------------------------------------------------------------------------------
20240425-08:22:37 epoch:127 - train loss: 0.117 and train acc: 0.955 total sample: 1148
20240425-08:22:37 train auc: 0.9933
20240425-08:22:54 epoch:127 - test loss: 1.204 and test acc: 0.755 total sample: 567
20240425-08:22:54 test auc: 0.7759
20240425-08:22:54 ----------------------------------------------------------------------------------------------------
20240425-08:25:08 epoch:128 - train loss: 0.057 and train acc: 0.979 total sample: 1148
20240425-08:25:08 train auc: 0.9978
20240425-08:25:26 epoch:128 - test loss: 1.195 and test acc: 0.811 total sample: 567
20240425-08:25:26 test auc: 0.7869
20240425-08:25:26 ----------------------------------------------------------------------------------------------------
20240425-08:27:39 epoch:129 - train loss: 0.063 and train acc: 0.976 total sample: 1148
20240425-08:27:39 train auc: 0.9990
20240425-08:27:57 epoch:129 - test loss: 1.322 and test acc: 0.832 total sample: 567
20240425-08:27:57 test auc: 0.8291
20240425-08:27:57 ----------------------------------------------------------------------------------------------------
20240425-08:30:11 epoch:130 - train loss: 0.044 and train acc: 0.986 total sample: 1148
20240425-08:30:11 train auc: 0.9991
20240425-08:30:29 epoch:130 - test loss: 1.387 and test acc: 0.795 total sample: 567
20240425-08:30:29 test auc: 0.7861
20240425-08:30:29 ----------------------------------------------------------------------------------------------------
20240425-08:32:42 epoch:131 - train loss: 0.054 and train acc: 0.979 total sample: 1148
20240425-08:32:42 train auc: 0.9983
20240425-08:32:59 epoch:131 - test loss: 1.177 and test acc: 0.801 total sample: 567
20240425-08:32:59 test auc: 0.7883
20240425-08:32:59 ----------------------------------------------------------------------------------------------------
20240425-08:35:14 epoch:132 - train loss: 0.081 and train acc: 0.967 total sample: 1148
20240425-08:35:14 train auc: 0.9954
20240425-08:35:32 epoch:132 - test loss: 1.191 and test acc: 0.792 total sample: 567
20240425-08:35:32 test auc: 0.8024
20240425-08:35:32 ----------------------------------------------------------------------------------------------------
20240425-08:37:45 epoch:133 - train loss: 0.061 and train acc: 0.976 total sample: 1148
20240425-08:37:45 train auc: 0.9982
20240425-08:38:04 epoch:133 - test loss: 1.358 and test acc: 0.795 total sample: 567
20240425-08:38:04 test auc: 0.7769
20240425-08:38:04 ----------------------------------------------------------------------------------------------------
20240425-08:40:18 epoch:134 - train loss: 0.064 and train acc: 0.976 total sample: 1148
20240425-08:40:18 train auc: 0.9978
20240425-08:40:35 epoch:134 - test loss: 1.137 and test acc: 0.801 total sample: 567
20240425-08:40:35 test auc: 0.7953
20240425-08:40:35 ----------------------------------------------------------------------------------------------------
20240425-08:42:48 epoch:135 - train loss: 0.060 and train acc: 0.978 total sample: 1148
20240425-08:42:48 train auc: 0.9976
20240425-08:43:07 epoch:135 - test loss: 1.322 and test acc: 0.811 total sample: 567
20240425-08:43:07 test auc: 0.8055
20240425-08:43:07 ----------------------------------------------------------------------------------------------------
20240425-08:45:21 epoch:136 - train loss: 0.087 and train acc: 0.975 total sample: 1148
20240425-08:45:21 train auc: 0.9948
20240425-08:45:38 epoch:136 - test loss: 1.277 and test acc: 0.808 total sample: 567
20240425-08:45:38 test auc: 0.7927
20240425-08:45:38 ----------------------------------------------------------------------------------------------------
20240425-08:47:51 epoch:137 - train loss: 0.080 and train acc: 0.967 total sample: 1148
20240425-08:47:51 train auc: 0.9971
20240425-08:48:10 epoch:137 - test loss: 1.057 and test acc: 0.797 total sample: 567
20240425-08:48:10 test auc: 0.8073
20240425-08:48:10 ----------------------------------------------------------------------------------------------------
20240425-08:50:24 epoch:138 - train loss: 0.056 and train acc: 0.980 total sample: 1148
20240425-08:50:24 train auc: 0.9984
20240425-08:50:43 epoch:138 - test loss: 1.318 and test acc: 0.808 total sample: 567
20240425-08:50:43 test auc: 0.8098
20240425-08:50:43 ----------------------------------------------------------------------------------------------------
20240425-08:52:56 epoch:139 - train loss: 0.053 and train acc: 0.982 total sample: 1148
20240425-08:52:56 train auc: 0.9979
20240425-08:53:15 epoch:139 - test loss: 1.272 and test acc: 0.811 total sample: 567
20240425-08:53:15 test auc: 0.7787
20240425-08:53:15 ----------------------------------------------------------------------------------------------------
20240425-08:55:28 epoch:140 - train loss: 0.063 and train acc: 0.979 total sample: 1148
20240425-08:55:28 train auc: 0.9978
20240425-08:55:46 epoch:140 - test loss: 1.123 and test acc: 0.785 total sample: 567
20240425-08:55:46 test auc: 0.7924
20240425-08:55:46 ----------------------------------------------------------------------------------------------------
20240425-08:57:58 epoch:141 - train loss: 0.050 and train acc: 0.983 total sample: 1148
20240425-08:57:58 train auc: 0.9983
20240425-08:58:17 epoch:141 - test loss: 1.107 and test acc: 0.797 total sample: 567
20240425-08:58:17 test auc: 0.7881
20240425-08:58:17 ----------------------------------------------------------------------------------------------------
20240425-09:00:30 epoch:142 - train loss: 0.096 and train acc: 0.963 total sample: 1148
20240425-09:00:30 train auc: 0.9968
20240425-09:00:47 epoch:142 - test loss: 1.585 and test acc: 0.802 total sample: 567
20240425-09:00:47 test auc: 0.7956
20240425-09:00:48 ----------------------------------------------------------------------------------------------------
20240425-09:03:00 epoch:143 - train loss: 0.093 and train acc: 0.960 total sample: 1148
20240425-09:03:00 train auc: 0.9948
20240425-09:03:19 epoch:143 - test loss: 1.172 and test acc: 0.778 total sample: 567
20240425-09:03:19 test auc: 0.7952
20240425-09:03:19 ----------------------------------------------------------------------------------------------------
20240425-09:05:33 epoch:144 - train loss: 0.094 and train acc: 0.970 total sample: 1148
20240425-09:05:33 train auc: 0.9955
20240425-09:05:50 epoch:144 - test loss: 1.158 and test acc: 0.801 total sample: 567
20240425-09:05:50 test auc: 0.7964
20240425-09:05:50 ----------------------------------------------------------------------------------------------------
20240425-09:08:03 epoch:145 - train loss: 0.063 and train acc: 0.973 total sample: 1148
20240425-09:08:03 train auc: 0.9993
20240425-09:08:21 epoch:145 - test loss: 1.751 and test acc: 0.790 total sample: 567
20240425-09:08:21 test auc: 0.7869
20240425-09:08:21 ----------------------------------------------------------------------------------------------------
20240425-09:10:36 epoch:146 - train loss: 0.077 and train acc: 0.972 total sample: 1148
20240425-09:10:36 train auc: 0.9974
20240425-09:10:53 epoch:146 - test loss: 1.421 and test acc: 0.795 total sample: 567
20240425-09:10:53 test auc: 0.8135
20240425-09:10:54 ----------------------------------------------------------------------------------------------------
20240425-09:13:07 epoch:147 - train loss: 0.049 and train acc: 0.985 total sample: 1148
20240425-09:13:07 train auc: 0.9979
20240425-09:13:25 epoch:147 - test loss: 1.172 and test acc: 0.827 total sample: 567
20240425-09:13:25 test auc: 0.8029
20240425-09:13:25 ----------------------------------------------------------------------------------------------------
20240425-09:15:38 epoch:148 - train loss: 0.046 and train acc: 0.985 total sample: 1148
20240425-09:15:38 train auc: 0.9987
20240425-09:15:55 epoch:148 - test loss: 1.268 and test acc: 0.817 total sample: 567
20240425-09:15:55 test auc: 0.8338
20240425-09:15:55 ----------------------------------------------------------------------------------------------------
20240425-09:18:10 epoch:149 - train loss: 0.056 and train acc: 0.976 total sample: 1148
20240425-09:18:10 train auc: 0.9988
20240425-09:18:27 epoch:149 - test loss: 1.023 and test acc: 0.780 total sample: 567
20240425-09:18:27 test auc: 0.8077
20240425-09:18:27 ----------------------------------------------------------------------------------------------------
20240425-09:20:41 epoch:150 - train loss: 0.030 and train acc: 0.991 total sample: 1148
20240425-09:20:41 train auc: 0.9990
20240425-09:20:59 epoch:150 - test loss: 1.199 and test acc: 0.806 total sample: 567
20240425-09:20:59 test auc: 0.8026
