20240426-15:39:18 ----------------------------------------------------------------------------------------------------
20240426-15:41:36 epoch:1 - train loss: 0.609 and train acc: 0.736 total sample: 1148
20240426-15:41:36 train auc: 0.7917
20240426-15:41:54 epoch:1 - test loss: 0.654 and test acc: 0.769 total sample: 567
20240426-15:41:54 test auc: 0.7610
20240426-15:41:55 ----------------------------------------------------------------------------------------------------
20240426-15:44:13 epoch:2 - train loss: 0.538 and train acc: 0.797 total sample: 1148
20240426-15:44:13 train auc: 0.8147
20240426-15:44:31 epoch:2 - test loss: 0.660 and test acc: 0.778 total sample: 567
20240426-15:44:31 test auc: 0.7698
20240426-15:44:31 ----------------------------------------------------------------------------------------------------
20240426-15:46:47 epoch:3 - train loss: 0.504 and train acc: 0.797 total sample: 1148
20240426-15:46:47 train auc: 0.8282
20240426-15:47:06 epoch:3 - test loss: 0.639 and test acc: 0.769 total sample: 567
20240426-15:47:06 test auc: 0.7702
20240426-15:47:07 ----------------------------------------------------------------------------------------------------
20240426-15:49:23 epoch:4 - train loss: 0.488 and train acc: 0.798 total sample: 1148
20240426-15:49:23 train auc: 0.8346
20240426-15:49:41 epoch:4 - test loss: 0.623 and test acc: 0.787 total sample: 567
20240426-15:49:41 test auc: 0.7836
20240426-15:49:41 ----------------------------------------------------------------------------------------------------
20240426-15:51:57 epoch:5 - train loss: 0.565 and train acc: 0.832 total sample: 1148
20240426-15:51:57 train auc: 0.8448
20240426-15:52:17 epoch:5 - test loss: 0.802 and test acc: 0.799 total sample: 567
20240426-15:52:17 test auc: 0.7934
20240426-15:52:17 ----------------------------------------------------------------------------------------------------
20240426-15:54:33 epoch:6 - train loss: 0.480 and train acc: 0.794 total sample: 1148
20240426-15:54:33 train auc: 0.8527
20240426-15:54:51 epoch:6 - test loss: 0.600 and test acc: 0.774 total sample: 567
20240426-15:54:51 test auc: 0.7893
20240426-15:54:52 ----------------------------------------------------------------------------------------------------
20240426-15:57:09 epoch:7 - train loss: 0.466 and train acc: 0.816 total sample: 1148
20240426-15:57:09 train auc: 0.8543
20240426-15:57:27 epoch:7 - test loss: 0.608 and test acc: 0.799 total sample: 567
20240426-15:57:27 test auc: 0.7837
20240426-15:57:27 ----------------------------------------------------------------------------------------------------
20240426-15:59:43 epoch:8 - train loss: 0.456 and train acc: 0.834 total sample: 1148
20240426-15:59:43 train auc: 0.8598
20240426-16:00:01 epoch:8 - test loss: 0.655 and test acc: 0.802 total sample: 567
20240426-16:00:01 test auc: 0.7888
20240426-16:00:02 ----------------------------------------------------------------------------------------------------
20240426-16:02:20 epoch:9 - train loss: 0.389 and train acc: 0.849 total sample: 1148
20240426-16:02:20 train auc: 0.8911
20240426-16:02:38 epoch:9 - test loss: 0.700 and test acc: 0.780 total sample: 567
20240426-16:02:38 test auc: 0.7624
20240426-16:02:38 ----------------------------------------------------------------------------------------------------
20240426-16:04:54 epoch:10 - train loss: 0.398 and train acc: 0.827 total sample: 1148
20240426-16:04:54 train auc: 0.8903
20240426-16:05:13 epoch:10 - test loss: 0.602 and test acc: 0.787 total sample: 567
20240426-16:05:13 test auc: 0.7908
20240426-16:05:14 ----------------------------------------------------------------------------------------------------
20240426-16:07:30 epoch:11 - train loss: 0.422 and train acc: 0.862 total sample: 1148
20240426-16:07:30 train auc: 0.8904
20240426-16:07:48 epoch:11 - test loss: 0.685 and test acc: 0.799 total sample: 567
20240426-16:07:48 test auc: 0.8197
20240426-16:07:49 ----------------------------------------------------------------------------------------------------
20240426-16:10:06 epoch:12 - train loss: 0.436 and train acc: 0.848 total sample: 1148
20240426-16:10:06 train auc: 0.8889
20240426-16:10:24 epoch:12 - test loss: 0.665 and test acc: 0.799 total sample: 567
20240426-16:10:24 test auc: 0.8146
20240426-16:10:24 ----------------------------------------------------------------------------------------------------
20240426-16:12:40 epoch:13 - train loss: 0.435 and train acc: 0.847 total sample: 1148
20240426-16:12:40 train auc: 0.8960
20240426-16:12:58 epoch:13 - test loss: 0.719 and test acc: 0.799 total sample: 567
20240426-16:12:58 test auc: 0.8039
20240426-16:12:58 ----------------------------------------------------------------------------------------------------
20240426-16:15:14 epoch:14 - train loss: 0.357 and train acc: 0.868 total sample: 1148
20240426-16:15:14 train auc: 0.9150
20240426-16:15:33 epoch:14 - test loss: 0.621 and test acc: 0.799 total sample: 567
20240426-16:15:33 test auc: 0.8268
20240426-16:15:33 ----------------------------------------------------------------------------------------------------
20240426-16:17:48 epoch:15 - train loss: 0.328 and train acc: 0.882 total sample: 1148
20240426-16:17:48 train auc: 0.9191
20240426-16:18:08 epoch:15 - test loss: 0.641 and test acc: 0.795 total sample: 567
20240426-16:18:08 test auc: 0.8126
20240426-16:18:08 ----------------------------------------------------------------------------------------------------
20240426-16:20:24 epoch:16 - train loss: 0.373 and train acc: 0.867 total sample: 1148
20240426-16:20:24 train auc: 0.9249
20240426-16:20:43 epoch:16 - test loss: 0.696 and test acc: 0.788 total sample: 567
20240426-16:20:43 test auc: 0.8189
20240426-16:20:43 ----------------------------------------------------------------------------------------------------
20240426-16:22:59 epoch:17 - train loss: 0.353 and train acc: 0.871 total sample: 1148
20240426-16:22:59 train auc: 0.9139
20240426-16:23:18 epoch:17 - test loss: 0.655 and test acc: 0.787 total sample: 567
20240426-16:23:18 test auc: 0.7975
20240426-16:23:18 ----------------------------------------------------------------------------------------------------
20240426-16:25:34 epoch:18 - train loss: 0.327 and train acc: 0.881 total sample: 1148
20240426-16:25:34 train auc: 0.9249
20240426-16:25:52 epoch:18 - test loss: 0.680 and test acc: 0.808 total sample: 567
20240426-16:25:52 test auc: 0.7939
20240426-16:25:52 ----------------------------------------------------------------------------------------------------
20240426-16:28:09 epoch:19 - train loss: 0.413 and train acc: 0.868 total sample: 1148
20240426-16:28:09 train auc: 0.9297
20240426-16:28:27 epoch:19 - test loss: 0.875 and test acc: 0.794 total sample: 567
20240426-16:28:28 test auc: 0.7919
20240426-16:28:28 ----------------------------------------------------------------------------------------------------
20240426-16:30:43 epoch:20 - train loss: 0.347 and train acc: 0.875 total sample: 1148
20240426-16:30:43 train auc: 0.9228
20240426-16:31:01 epoch:20 - test loss: 0.675 and test acc: 0.806 total sample: 567
20240426-16:31:01 test auc: 0.8048
20240426-16:31:01 ----------------------------------------------------------------------------------------------------
20240426-16:33:18 epoch:21 - train loss: 0.282 and train acc: 0.893 total sample: 1148
20240426-16:33:18 train auc: 0.9438
20240426-16:33:36 epoch:21 - test loss: 0.649 and test acc: 0.815 total sample: 567
20240426-16:33:36 test auc: 0.8087
20240426-16:33:36 ----------------------------------------------------------------------------------------------------
20240426-16:35:51 epoch:22 - train loss: 0.313 and train acc: 0.887 total sample: 1148
20240426-16:35:51 train auc: 0.9438
20240426-16:36:10 epoch:22 - test loss: 0.725 and test acc: 0.794 total sample: 567
20240426-16:36:10 test auc: 0.8021
20240426-16:36:11 ----------------------------------------------------------------------------------------------------
20240426-16:38:26 epoch:23 - train loss: 0.343 and train acc: 0.885 total sample: 1148
20240426-16:38:26 train auc: 0.9385
20240426-16:38:44 epoch:23 - test loss: 0.752 and test acc: 0.804 total sample: 567
20240426-16:38:44 test auc: 0.8181
20240426-16:38:44 ----------------------------------------------------------------------------------------------------
20240426-16:41:00 epoch:24 - train loss: 0.326 and train acc: 0.888 total sample: 1148
20240426-16:41:00 train auc: 0.9540
20240426-16:41:20 epoch:24 - test loss: 0.804 and test acc: 0.813 total sample: 567
20240426-16:41:20 test auc: 0.8090
20240426-16:41:20 ----------------------------------------------------------------------------------------------------
20240426-16:43:37 epoch:25 - train loss: 0.345 and train acc: 0.873 total sample: 1148
20240426-16:43:37 train auc: 0.9347
20240426-16:43:55 epoch:25 - test loss: 0.769 and test acc: 0.785 total sample: 567
20240426-16:43:55 test auc: 0.7799
20240426-16:43:55 ----------------------------------------------------------------------------------------------------
20240426-16:46:12 epoch:26 - train loss: 0.365 and train acc: 0.875 total sample: 1148
20240426-16:46:12 train auc: 0.9350
20240426-16:46:30 epoch:26 - test loss: 0.814 and test acc: 0.797 total sample: 567
20240426-16:46:30 test auc: 0.7848
20240426-16:46:30 ----------------------------------------------------------------------------------------------------
20240426-16:48:46 epoch:27 - train loss: 0.267 and train acc: 0.897 total sample: 1148
20240426-16:48:46 train auc: 0.9472
20240426-16:49:05 epoch:27 - test loss: 0.687 and test acc: 0.804 total sample: 567
20240426-16:49:05 test auc: 0.8031
20240426-16:49:05 ----------------------------------------------------------------------------------------------------
20240426-16:51:23 epoch:28 - train loss: 0.361 and train acc: 0.880 total sample: 1148
20240426-16:51:23 train auc: 0.9512
20240426-16:51:41 epoch:28 - test loss: 0.782 and test acc: 0.804 total sample: 567
20240426-16:51:41 test auc: 0.8414
20240426-16:51:41 ----------------------------------------------------------------------------------------------------
20240426-16:53:57 epoch:29 - train loss: 0.268 and train acc: 0.908 total sample: 1148
20240426-16:53:57 train auc: 0.9513
20240426-16:54:16 epoch:29 - test loss: 0.631 and test acc: 0.841 total sample: 567
20240426-16:54:16 test auc: 0.8321
20240426-16:54:16 ----------------------------------------------------------------------------------------------------
20240426-16:56:34 epoch:30 - train loss: 0.305 and train acc: 0.878 total sample: 1148
20240426-16:56:34 train auc: 0.9501
20240426-16:56:53 epoch:30 - test loss: 0.716 and test acc: 0.810 total sample: 567
20240426-16:56:53 test auc: 0.8228
20240426-16:56:53 ----------------------------------------------------------------------------------------------------
20240426-16:59:10 epoch:31 - train loss: 0.369 and train acc: 0.878 total sample: 1148
20240426-16:59:10 train auc: 0.9425
20240426-16:59:29 epoch:31 - test loss: 0.731 and test acc: 0.804 total sample: 567
20240426-16:59:29 test auc: 0.8315
20240426-16:59:29 ----------------------------------------------------------------------------------------------------
20240426-17:01:47 epoch:32 - train loss: 0.343 and train acc: 0.881 total sample: 1148
20240426-17:01:47 train auc: 0.9520
20240426-17:02:07 epoch:32 - test loss: 0.836 and test acc: 0.804 total sample: 567
20240426-17:02:07 test auc: 0.8094
20240426-17:02:08 ----------------------------------------------------------------------------------------------------
20240426-17:04:26 epoch:33 - train loss: 0.296 and train acc: 0.888 total sample: 1148
20240426-17:04:26 train auc: 0.9568
20240426-17:04:44 epoch:33 - test loss: 0.765 and test acc: 0.804 total sample: 567
20240426-17:04:44 test auc: 0.8189
20240426-17:04:45 ----------------------------------------------------------------------------------------------------
20240426-17:07:01 epoch:34 - train loss: 0.271 and train acc: 0.895 total sample: 1148
20240426-17:07:01 train auc: 0.9600
20240426-17:07:21 epoch:34 - test loss: 0.671 and test acc: 0.811 total sample: 567
20240426-17:07:21 test auc: 0.8240
20240426-17:07:21 ----------------------------------------------------------------------------------------------------
20240426-17:09:38 epoch:35 - train loss: 0.321 and train acc: 0.884 total sample: 1148
20240426-17:09:38 train auc: 0.9632
20240426-17:09:56 epoch:35 - test loss: 0.887 and test acc: 0.799 total sample: 567
20240426-17:09:56 test auc: 0.8110
20240426-17:09:57 ----------------------------------------------------------------------------------------------------
20240426-17:12:15 epoch:36 - train loss: 0.435 and train acc: 0.861 total sample: 1148
20240426-17:12:15 train auc: 0.9580
20240426-17:12:33 epoch:36 - test loss: 0.933 and test acc: 0.797 total sample: 567
20240426-17:12:33 test auc: 0.8344
20240426-17:12:33 ----------------------------------------------------------------------------------------------------
20240426-17:14:49 epoch:37 - train loss: 0.222 and train acc: 0.914 total sample: 1148
20240426-17:14:49 train auc: 0.9739
20240426-17:15:09 epoch:37 - test loss: 0.801 and test acc: 0.802 total sample: 567
20240426-17:15:09 test auc: 0.8043
20240426-17:15:09 ----------------------------------------------------------------------------------------------------
20240426-17:17:27 epoch:38 - train loss: 0.232 and train acc: 0.917 total sample: 1148
20240426-17:17:27 train auc: 0.9748
20240426-17:17:45 epoch:38 - test loss: 0.773 and test acc: 0.831 total sample: 567
20240426-17:17:45 test auc: 0.8165
20240426-17:17:45 ----------------------------------------------------------------------------------------------------
20240426-17:20:01 epoch:39 - train loss: 0.269 and train acc: 0.905 total sample: 1148
20240426-17:20:01 train auc: 0.9698
20240426-17:20:21 epoch:39 - test loss: 0.825 and test acc: 0.822 total sample: 567
20240426-17:20:21 test auc: 0.8142
20240426-17:20:21 ----------------------------------------------------------------------------------------------------
20240426-17:22:39 epoch:40 - train loss: 0.278 and train acc: 0.908 total sample: 1148
20240426-17:22:39 train auc: 0.9657
20240426-17:22:57 epoch:40 - test loss: 0.831 and test acc: 0.806 total sample: 567
20240426-17:22:57 test auc: 0.7994
20240426-17:22:57 ----------------------------------------------------------------------------------------------------
20240426-17:25:17 epoch:41 - train loss: 0.467 and train acc: 0.844 total sample: 1148
20240426-17:25:17 train auc: 0.9660
20240426-17:25:35 epoch:41 - test loss: 1.159 and test acc: 0.769 total sample: 567
20240426-17:25:35 test auc: 0.8082
20240426-17:25:35 ----------------------------------------------------------------------------------------------------
20240426-17:27:51 epoch:42 - train loss: 0.258 and train acc: 0.897 total sample: 1148
20240426-17:27:51 train auc: 0.9632
20240426-17:28:11 epoch:42 - test loss: 0.772 and test acc: 0.818 total sample: 567
20240426-17:28:11 test auc: 0.8108
20240426-17:28:11 ----------------------------------------------------------------------------------------------------
20240426-17:30:28 epoch:43 - train loss: 0.235 and train acc: 0.914 total sample: 1148
20240426-17:30:28 train auc: 0.9735
20240426-17:30:46 epoch:43 - test loss: 0.835 and test acc: 0.815 total sample: 567
20240426-17:30:46 test auc: 0.7987
20240426-17:30:47 ----------------------------------------------------------------------------------------------------
20240426-17:33:05 epoch:44 - train loss: 0.238 and train acc: 0.909 total sample: 1148
20240426-17:33:05 train auc: 0.9731
20240426-17:33:23 epoch:44 - test loss: 0.873 and test acc: 0.799 total sample: 567
20240426-17:33:23 test auc: 0.7834
20240426-17:33:23 ----------------------------------------------------------------------------------------------------
20240426-17:35:40 epoch:45 - train loss: 0.236 and train acc: 0.916 total sample: 1148
20240426-17:35:40 train auc: 0.9804
20240426-17:35:59 epoch:45 - test loss: 0.835 and test acc: 0.801 total sample: 567
20240426-17:35:59 test auc: 0.8159
20240426-17:35:59 ----------------------------------------------------------------------------------------------------
20240426-17:38:17 epoch:46 - train loss: 0.216 and train acc: 0.912 total sample: 1148
20240426-17:38:17 train auc: 0.9849
20240426-17:38:35 epoch:46 - test loss: 0.906 and test acc: 0.804 total sample: 567
20240426-17:38:35 test auc: 0.8087
20240426-17:38:35 ----------------------------------------------------------------------------------------------------
20240426-17:40:52 epoch:47 - train loss: 0.299 and train acc: 0.898 total sample: 1148
20240426-17:40:52 train auc: 0.9739
20240426-17:41:11 epoch:47 - test loss: 0.899 and test acc: 0.811 total sample: 567
20240426-17:41:11 test auc: 0.8220
20240426-17:41:12 ----------------------------------------------------------------------------------------------------
20240426-17:43:30 epoch:48 - train loss: 0.160 and train acc: 0.933 total sample: 1148
20240426-17:43:30 train auc: 0.9813
20240426-17:43:48 epoch:48 - test loss: 0.799 and test acc: 0.824 total sample: 567
20240426-17:43:48 test auc: 0.7965
20240426-17:43:48 ----------------------------------------------------------------------------------------------------
20240426-17:46:06 epoch:49 - train loss: 0.252 and train acc: 0.909 total sample: 1148
20240426-17:46:06 train auc: 0.9827
20240426-17:46:24 epoch:49 - test loss: 0.802 and test acc: 0.817 total sample: 567
20240426-17:46:24 test auc: 0.8449
20240426-17:46:25 ----------------------------------------------------------------------------------------------------
20240426-17:48:41 epoch:50 - train loss: 0.236 and train acc: 0.915 total sample: 1148
20240426-17:48:41 train auc: 0.9882
20240426-17:49:00 epoch:50 - test loss: 0.943 and test acc: 0.817 total sample: 567
20240426-17:49:00 test auc: 0.8396
20240426-17:49:00 ----------------------------------------------------------------------------------------------------
20240426-17:51:19 epoch:51 - train loss: 0.219 and train acc: 0.906 total sample: 1148
20240426-17:51:19 train auc: 0.9847
20240426-17:51:38 epoch:51 - test loss: 0.860 and test acc: 0.808 total sample: 567
20240426-17:51:38 test auc: 0.8336
20240426-17:51:38 ----------------------------------------------------------------------------------------------------
20240426-17:53:55 epoch:52 - train loss: 0.177 and train acc: 0.936 total sample: 1148
20240426-17:53:55 train auc: 0.9867
20240426-17:54:15 epoch:52 - test loss: 0.890 and test acc: 0.820 total sample: 567
20240426-17:54:15 test auc: 0.8132
20240426-17:54:15 ----------------------------------------------------------------------------------------------------
20240426-17:56:33 epoch:53 - train loss: 0.237 and train acc: 0.916 total sample: 1148
20240426-17:56:33 train auc: 0.9799
20240426-17:56:51 epoch:53 - test loss: 0.947 and test acc: 0.801 total sample: 567
20240426-17:56:51 test auc: 0.8048
20240426-17:56:51 ----------------------------------------------------------------------------------------------------
20240426-17:59:10 epoch:54 - train loss: 0.177 and train acc: 0.932 total sample: 1148
20240426-17:59:10 train auc: 0.9872
20240426-17:59:28 epoch:54 - test loss: 0.886 and test acc: 0.822 total sample: 567
20240426-17:59:28 test auc: 0.8117
20240426-17:59:28 ----------------------------------------------------------------------------------------------------
20240426-18:01:46 epoch:55 - train loss: 0.219 and train acc: 0.928 total sample: 1148
20240426-18:01:46 train auc: 0.9837
20240426-18:02:06 epoch:55 - test loss: 1.002 and test acc: 0.808 total sample: 567
20240426-18:02:06 test auc: 0.8026
20240426-18:02:06 ----------------------------------------------------------------------------------------------------
20240426-18:04:25 epoch:56 - train loss: 0.190 and train acc: 0.928 total sample: 1148
20240426-18:04:25 train auc: 0.9840
20240426-18:04:43 epoch:56 - test loss: 0.909 and test acc: 0.808 total sample: 567
20240426-18:04:43 test auc: 0.8097
20240426-18:04:43 ----------------------------------------------------------------------------------------------------
20240426-18:07:00 epoch:57 - train loss: 0.215 and train acc: 0.921 total sample: 1148
20240426-18:07:00 train auc: 0.9862
20240426-18:07:21 epoch:57 - test loss: 0.976 and test acc: 0.802 total sample: 567
20240426-18:07:21 test auc: 0.8061
20240426-18:07:21 ----------------------------------------------------------------------------------------------------
20240426-18:09:39 epoch:58 - train loss: 0.165 and train acc: 0.938 total sample: 1148
20240426-18:09:39 train auc: 0.9851
20240426-18:09:57 epoch:58 - test loss: 0.890 and test acc: 0.818 total sample: 567
20240426-18:09:57 test auc: 0.8040
20240426-18:09:58 ----------------------------------------------------------------------------------------------------
20240426-18:12:17 epoch:59 - train loss: 0.140 and train acc: 0.943 total sample: 1148
20240426-18:12:17 train auc: 0.9889
20240426-18:12:36 epoch:59 - test loss: 0.857 and test acc: 0.831 total sample: 567
20240426-18:12:36 test auc: 0.8146
20240426-18:12:36 ----------------------------------------------------------------------------------------------------
20240426-18:14:54 epoch:60 - train loss: 0.117 and train acc: 0.957 total sample: 1148
20240426-18:14:54 train auc: 0.9910
20240426-18:15:14 epoch:60 - test loss: 0.749 and test acc: 0.832 total sample: 567
20240426-18:15:14 test auc: 0.8157
20240426-18:15:15 ----------------------------------------------------------------------------------------------------
20240426-18:17:34 epoch:61 - train loss: 0.155 and train acc: 0.935 total sample: 1148
20240426-18:17:34 train auc: 0.9909
20240426-18:17:52 epoch:61 - test loss: 0.915 and test acc: 0.829 total sample: 567
20240426-18:17:52 test auc: 0.8012
20240426-18:17:52 ----------------------------------------------------------------------------------------------------
20240426-18:20:12 epoch:62 - train loss: 0.126 and train acc: 0.943 total sample: 1148
20240426-18:20:12 train auc: 0.9915
20240426-18:20:30 epoch:62 - test loss: 0.922 and test acc: 0.831 total sample: 567
20240426-18:20:30 test auc: 0.8066
20240426-18:20:30 ----------------------------------------------------------------------------------------------------
20240426-18:22:49 epoch:63 - train loss: 0.134 and train acc: 0.947 total sample: 1148
20240426-18:22:49 train auc: 0.9886
20240426-18:23:09 epoch:63 - test loss: 0.931 and test acc: 0.820 total sample: 567
20240426-18:23:09 test auc: 0.7990
20240426-18:23:09 ----------------------------------------------------------------------------------------------------
20240426-18:25:27 epoch:64 - train loss: 0.126 and train acc: 0.954 total sample: 1148
20240426-18:25:27 train auc: 0.9924
20240426-18:25:46 epoch:64 - test loss: 0.884 and test acc: 0.810 total sample: 567
20240426-18:25:46 test auc: 0.8075
20240426-18:25:46 ----------------------------------------------------------------------------------------------------
20240426-18:28:06 epoch:65 - train loss: 0.192 and train acc: 0.917 total sample: 1148
20240426-18:28:06 train auc: 0.9946
20240426-18:28:24 epoch:65 - test loss: 1.124 and test acc: 0.804 total sample: 567
20240426-18:28:24 test auc: 0.8032
20240426-18:28:24 ----------------------------------------------------------------------------------------------------
20240426-18:30:41 epoch:66 - train loss: 0.090 and train acc: 0.959 total sample: 1148
20240426-18:30:41 train auc: 0.9947
20240426-18:31:00 epoch:66 - test loss: 0.853 and test acc: 0.827 total sample: 567
20240426-18:31:00 test auc: 0.8143
20240426-18:31:00 ----------------------------------------------------------------------------------------------------
20240426-18:33:18 epoch:67 - train loss: 0.119 and train acc: 0.958 total sample: 1148
20240426-18:33:18 train auc: 0.9899
20240426-18:33:37 epoch:67 - test loss: 0.974 and test acc: 0.794 total sample: 567
20240426-18:33:37 test auc: 0.7795
20240426-18:33:37 ----------------------------------------------------------------------------------------------------
20240426-18:35:53 epoch:68 - train loss: 0.093 and train acc: 0.964 total sample: 1148
20240426-18:35:53 train auc: 0.9956
20240426-18:36:13 epoch:68 - test loss: 1.035 and test acc: 0.841 total sample: 567
20240426-18:36:13 test auc: 0.7952
20240426-18:36:13 ----------------------------------------------------------------------------------------------------
20240426-18:38:31 epoch:69 - train loss: 0.085 and train acc: 0.966 total sample: 1148
20240426-18:38:31 train auc: 0.9967
20240426-18:38:49 epoch:69 - test loss: 0.928 and test acc: 0.841 total sample: 567
20240426-18:38:49 test auc: 0.8041
20240426-18:38:49 ----------------------------------------------------------------------------------------------------
20240426-18:41:08 epoch:70 - train loss: 0.091 and train acc: 0.967 total sample: 1148
20240426-18:41:08 train auc: 0.9962
20240426-18:41:26 epoch:70 - test loss: 0.964 and test acc: 0.841 total sample: 567
20240426-18:41:26 test auc: 0.8162
20240426-18:41:26 ----------------------------------------------------------------------------------------------------
20240426-18:43:44 epoch:71 - train loss: 0.125 and train acc: 0.950 total sample: 1148
20240426-18:43:44 train auc: 0.9951
20240426-18:44:02 epoch:71 - test loss: 1.027 and test acc: 0.832 total sample: 567
20240426-18:44:02 test auc: 0.8156
20240426-18:44:03 ----------------------------------------------------------------------------------------------------
20240426-18:46:21 epoch:72 - train loss: 0.075 and train acc: 0.973 total sample: 1148
20240426-18:46:21 train auc: 0.9968
20240426-18:46:39 epoch:72 - test loss: 1.007 and test acc: 0.815 total sample: 567
20240426-18:46:39 test auc: 0.7827
20240426-18:46:40 ----------------------------------------------------------------------------------------------------
20240426-18:48:56 epoch:73 - train loss: 0.081 and train acc: 0.968 total sample: 1148
20240426-18:48:56 train auc: 0.9959
20240426-18:49:16 epoch:73 - test loss: 0.968 and test acc: 0.808 total sample: 567
20240426-18:49:16 test auc: 0.7806
20240426-18:49:17 ----------------------------------------------------------------------------------------------------
20240426-18:51:35 epoch:74 - train loss: 0.130 and train acc: 0.951 total sample: 1148
20240426-18:51:35 train auc: 0.9964
20240426-18:51:54 epoch:74 - test loss: 1.043 and test acc: 0.827 total sample: 567
20240426-18:51:54 test auc: 0.8083
20240426-18:51:54 ----------------------------------------------------------------------------------------------------
20240426-18:54:12 epoch:75 - train loss: 0.089 and train acc: 0.960 total sample: 1148
20240426-18:54:12 train auc: 0.9968
20240426-18:54:30 epoch:75 - test loss: 1.174 and test acc: 0.827 total sample: 567
20240426-18:54:30 test auc: 0.7932
20240426-18:54:30 ----------------------------------------------------------------------------------------------------
20240426-18:56:47 epoch:76 - train loss: 0.115 and train acc: 0.954 total sample: 1148
20240426-18:56:47 train auc: 0.9959
20240426-18:57:06 epoch:76 - test loss: 1.094 and test acc: 0.815 total sample: 567
20240426-18:57:06 test auc: 0.7987
20240426-18:57:07 ----------------------------------------------------------------------------------------------------
20240426-18:59:24 epoch:77 - train loss: 0.107 and train acc: 0.962 total sample: 1148
20240426-18:59:24 train auc: 0.9944
20240426-18:59:43 epoch:77 - test loss: 0.975 and test acc: 0.817 total sample: 567
20240426-18:59:43 test auc: 0.8069
20240426-18:59:43 ----------------------------------------------------------------------------------------------------
20240426-19:02:00 epoch:78 - train loss: 0.067 and train acc: 0.976 total sample: 1148
20240426-19:02:00 train auc: 0.9974
20240426-19:02:20 epoch:78 - test loss: 1.008 and test acc: 0.815 total sample: 567
20240426-19:02:20 test auc: 0.7865
20240426-19:02:20 ----------------------------------------------------------------------------------------------------
20240426-19:04:37 epoch:79 - train loss: 0.143 and train acc: 0.947 total sample: 1148
20240426-19:04:37 train auc: 0.9953
20240426-19:04:56 epoch:79 - test loss: 1.297 and test acc: 0.806 total sample: 567
20240426-19:04:56 test auc: 0.7947
20240426-19:04:56 ----------------------------------------------------------------------------------------------------
20240426-19:07:15 epoch:80 - train loss: 0.063 and train acc: 0.976 total sample: 1148
20240426-19:07:15 train auc: 0.9977
20240426-19:07:34 epoch:80 - test loss: 0.935 and test acc: 0.836 total sample: 567
20240426-19:07:34 test auc: 0.7926
20240426-19:07:34 ----------------------------------------------------------------------------------------------------
20240426-19:09:50 epoch:81 - train loss: 0.072 and train acc: 0.975 total sample: 1148
20240426-19:09:50 train auc: 0.9972
20240426-19:10:10 epoch:81 - test loss: 1.124 and test acc: 0.827 total sample: 567
20240426-19:10:10 test auc: 0.7976
20240426-19:10:10 ----------------------------------------------------------------------------------------------------
20240426-19:12:27 epoch:82 - train loss: 0.116 and train acc: 0.949 total sample: 1148
20240426-19:12:27 train auc: 0.9971
20240426-19:12:46 epoch:82 - test loss: 1.263 and test acc: 0.818 total sample: 567
20240426-19:12:46 test auc: 0.7894
20240426-19:12:46 ----------------------------------------------------------------------------------------------------
20240426-19:15:04 epoch:83 - train loss: 0.054 and train acc: 0.974 total sample: 1148
20240426-19:15:04 train auc: 0.9988
20240426-19:15:23 epoch:83 - test loss: 1.046 and test acc: 0.836 total sample: 567
20240426-19:15:23 test auc: 0.8040
20240426-19:15:23 ----------------------------------------------------------------------------------------------------
20240426-19:17:40 epoch:84 - train loss: 0.053 and train acc: 0.980 total sample: 1148
20240426-19:17:40 train auc: 0.9980
20240426-19:17:59 epoch:84 - test loss: 1.077 and test acc: 0.817 total sample: 567
20240426-19:17:59 test auc: 0.7905
20240426-19:18:00 ----------------------------------------------------------------------------------------------------
20240426-19:20:18 epoch:85 - train loss: 0.114 and train acc: 0.957 total sample: 1148
20240426-19:20:18 train auc: 0.9912
20240426-19:20:36 epoch:85 - test loss: 1.216 and test acc: 0.794 total sample: 567
20240426-19:20:36 test auc: 0.7659
20240426-19:20:36 ----------------------------------------------------------------------------------------------------
20240426-19:22:53 epoch:86 - train loss: 0.085 and train acc: 0.969 total sample: 1148
20240426-19:22:53 train auc: 0.9949
20240426-19:23:14 epoch:86 - test loss: 1.103 and test acc: 0.820 total sample: 567
20240426-19:23:14 test auc: 0.7868
20240426-19:23:14 ----------------------------------------------------------------------------------------------------
20240426-19:25:31 epoch:87 - train loss: 0.072 and train acc: 0.972 total sample: 1148
20240426-19:25:31 train auc: 0.9972
20240426-19:25:49 epoch:87 - test loss: 1.205 and test acc: 0.813 total sample: 567
20240426-19:25:49 test auc: 0.7833
20240426-19:25:49 ----------------------------------------------------------------------------------------------------
20240426-19:28:07 epoch:88 - train loss: 0.118 and train acc: 0.952 total sample: 1148
20240426-19:28:07 train auc: 0.9971
20240426-19:28:26 epoch:88 - test loss: 1.300 and test acc: 0.829 total sample: 567
20240426-19:28:26 test auc: 0.7989
20240426-19:28:26 ----------------------------------------------------------------------------------------------------
20240426-19:30:42 epoch:89 - train loss: 0.043 and train acc: 0.985 total sample: 1148
20240426-19:30:42 train auc: 0.9994
20240426-19:31:01 epoch:89 - test loss: 1.223 and test acc: 0.829 total sample: 567
20240426-19:31:01 test auc: 0.7959
20240426-19:31:01 ----------------------------------------------------------------------------------------------------
20240426-19:33:21 epoch:90 - train loss: 0.065 and train acc: 0.976 total sample: 1148
20240426-19:33:21 train auc: 0.9973
20240426-19:33:40 epoch:90 - test loss: 1.176 and test acc: 0.804 total sample: 567
20240426-19:33:40 test auc: 0.7818
20240426-19:33:40 ----------------------------------------------------------------------------------------------------
20240426-19:35:57 epoch:91 - train loss: 0.056 and train acc: 0.976 total sample: 1148
20240426-19:35:57 train auc: 0.9984
20240426-19:36:17 epoch:91 - test loss: 1.130 and test acc: 0.818 total sample: 567
20240426-19:36:17 test auc: 0.7810
20240426-19:36:18 ----------------------------------------------------------------------------------------------------
20240426-19:38:36 epoch:92 - train loss: 0.074 and train acc: 0.974 total sample: 1148
20240426-19:38:36 train auc: 0.9992
20240426-19:38:55 epoch:92 - test loss: 1.309 and test acc: 0.827 total sample: 567
20240426-19:38:55 test auc: 0.7954
20240426-19:38:55 ----------------------------------------------------------------------------------------------------
20240426-19:41:14 epoch:93 - train loss: 0.051 and train acc: 0.981 total sample: 1148
20240426-19:41:14 train auc: 0.9988
20240426-19:41:32 epoch:93 - test loss: 0.978 and test acc: 0.817 total sample: 567
20240426-19:41:32 test auc: 0.7846
20240426-19:41:32 ----------------------------------------------------------------------------------------------------
20240426-19:43:49 epoch:94 - train loss: 0.068 and train acc: 0.971 total sample: 1148
20240426-19:43:49 train auc: 0.9970
20240426-19:44:09 epoch:94 - test loss: 1.194 and test acc: 0.804 total sample: 567
20240426-19:44:09 test auc: 0.7749
20240426-19:44:09 ----------------------------------------------------------------------------------------------------
20240426-19:46:26 epoch:95 - train loss: 0.142 and train acc: 0.944 total sample: 1148
20240426-19:46:26 train auc: 0.9974
20240426-19:46:44 epoch:95 - test loss: 1.582 and test acc: 0.824 total sample: 567
20240426-19:46:44 test auc: 0.7893
20240426-19:46:45 ----------------------------------------------------------------------------------------------------
20240426-19:49:00 epoch:96 - train loss: 0.077 and train acc: 0.976 total sample: 1148
20240426-19:49:00 train auc: 0.9975
20240426-19:49:20 epoch:96 - test loss: 1.066 and test acc: 0.822 total sample: 567
20240426-19:49:20 test auc: 0.8149
20240426-19:49:20 ----------------------------------------------------------------------------------------------------
20240426-19:51:37 epoch:97 - train loss: 0.087 and train acc: 0.967 total sample: 1148
20240426-19:51:37 train auc: 0.9977
20240426-19:51:55 epoch:97 - test loss: 1.254 and test acc: 0.822 total sample: 567
20240426-19:51:55 test auc: 0.7912
20240426-19:51:55 ----------------------------------------------------------------------------------------------------
20240426-19:54:12 epoch:98 - train loss: 0.026 and train acc: 0.991 total sample: 1148
20240426-19:54:12 train auc: 0.9998
20240426-19:54:30 epoch:98 - test loss: 1.092 and test acc: 0.829 total sample: 567
20240426-19:54:30 test auc: 0.7911
20240426-19:54:31 ----------------------------------------------------------------------------------------------------
20240426-19:56:45 epoch:99 - train loss: 0.076 and train acc: 0.971 total sample: 1148
20240426-19:56:45 train auc: 0.9993
20240426-19:57:04 epoch:99 - test loss: 1.341 and test acc: 0.831 total sample: 567
20240426-19:57:04 test auc: 0.7985
20240426-19:57:04 ----------------------------------------------------------------------------------------------------
20240426-19:59:21 epoch:100 - train loss: 0.066 and train acc: 0.975 total sample: 1148
20240426-19:59:21 train auc: 0.9992
20240426-19:59:39 epoch:100 - test loss: 1.352 and test acc: 0.815 total sample: 567
20240426-19:59:39 test auc: 0.7848
20240426-19:59:39 ----------------------------------------------------------------------------------------------------
20240426-20:01:54 epoch:101 - train loss: 0.023 and train acc: 0.994 total sample: 1148
20240426-20:01:54 train auc: 0.9997
20240426-20:02:13 epoch:101 - test loss: 1.310 and test acc: 0.825 total sample: 567
20240426-20:02:13 test auc: 0.7868
20240426-20:02:13 ----------------------------------------------------------------------------------------------------
20240426-20:04:28 epoch:102 - train loss: 0.078 and train acc: 0.968 total sample: 1148
20240426-20:04:28 train auc: 0.9978
20240426-20:04:46 epoch:102 - test loss: 1.262 and test acc: 0.810 total sample: 567
20240426-20:04:46 test auc: 0.7869
20240426-20:04:46 ----------------------------------------------------------------------------------------------------
20240426-20:07:01 epoch:103 - train loss: 0.057 and train acc: 0.978 total sample: 1148
20240426-20:07:01 train auc: 0.9980
20240426-20:07:20 epoch:103 - test loss: 1.249 and test acc: 0.832 total sample: 567
20240426-20:07:20 test auc: 0.7900
20240426-20:07:20 ----------------------------------------------------------------------------------------------------
20240426-20:09:35 epoch:104 - train loss: 0.068 and train acc: 0.976 total sample: 1148
20240426-20:09:35 train auc: 0.9974
20240426-20:09:53 epoch:104 - test loss: 1.299 and test acc: 0.827 total sample: 567
20240426-20:09:53 test auc: 0.7848
20240426-20:09:53 ----------------------------------------------------------------------------------------------------
20240426-20:12:09 epoch:105 - train loss: 0.038 and train acc: 0.987 total sample: 1148
20240426-20:12:09 train auc: 0.9990
20240426-20:12:27 epoch:105 - test loss: 1.234 and test acc: 0.804 total sample: 567
20240426-20:12:27 test auc: 0.7806
20240426-20:12:27 ----------------------------------------------------------------------------------------------------
20240426-20:14:41 epoch:106 - train loss: 0.041 and train acc: 0.983 total sample: 1148
20240426-20:14:41 train auc: 0.9995
20240426-20:14:59 epoch:106 - test loss: 1.307 and test acc: 0.829 total sample: 567
20240426-20:14:59 test auc: 0.7920
20240426-20:14:59 ----------------------------------------------------------------------------------------------------
20240426-20:17:15 epoch:107 - train loss: 0.040 and train acc: 0.988 total sample: 1148
20240426-20:17:15 train auc: 0.9991
20240426-20:17:33 epoch:107 - test loss: 1.088 and test acc: 0.820 total sample: 567
20240426-20:17:33 test auc: 0.7879
20240426-20:17:33 ----------------------------------------------------------------------------------------------------
20240426-20:19:47 epoch:108 - train loss: 0.091 and train acc: 0.965 total sample: 1148
20240426-20:19:47 train auc: 0.9978
20240426-20:20:06 epoch:108 - test loss: 1.360 and test acc: 0.824 total sample: 567
20240426-20:20:06 test auc: 0.7875
20240426-20:20:07 ----------------------------------------------------------------------------------------------------
20240426-20:22:22 epoch:109 - train loss: 0.033 and train acc: 0.985 total sample: 1148
20240426-20:22:22 train auc: 0.9995
20240426-20:22:40 epoch:109 - test loss: 1.229 and test acc: 0.824 total sample: 567
20240426-20:22:40 test auc: 0.7834
20240426-20:22:40 ----------------------------------------------------------------------------------------------------
20240426-20:24:54 epoch:110 - train loss: 0.040 and train acc: 0.987 total sample: 1148
20240426-20:24:54 train auc: 0.9990
20240426-20:25:13 epoch:110 - test loss: 1.254 and test acc: 0.831 total sample: 567
20240426-20:25:13 test auc: 0.7855
20240426-20:25:14 ----------------------------------------------------------------------------------------------------
20240426-20:27:29 epoch:111 - train loss: 0.055 and train acc: 0.977 total sample: 1148
20240426-20:27:29 train auc: 0.9995
20240426-20:27:47 epoch:111 - test loss: 1.470 and test acc: 0.832 total sample: 567
20240426-20:27:47 test auc: 0.7929
20240426-20:27:47 ----------------------------------------------------------------------------------------------------
20240426-20:30:04 epoch:112 - train loss: 0.044 and train acc: 0.982 total sample: 1148
20240426-20:30:04 train auc: 0.9990
20240426-20:30:22 epoch:112 - test loss: 1.329 and test acc: 0.831 total sample: 567
20240426-20:30:22 test auc: 0.7931
20240426-20:30:23 ----------------------------------------------------------------------------------------------------
20240426-20:32:38 epoch:113 - train loss: 0.022 and train acc: 0.996 total sample: 1148
20240426-20:32:38 train auc: 0.9995
20240426-20:32:56 epoch:113 - test loss: 1.245 and test acc: 0.832 total sample: 567
20240426-20:32:56 test auc: 0.8025
20240426-20:32:56 ----------------------------------------------------------------------------------------------------
20240426-20:35:13 epoch:114 - train loss: 0.036 and train acc: 0.989 total sample: 1148
20240426-20:35:13 train auc: 0.9994
20240426-20:35:32 epoch:114 - test loss: 1.376 and test acc: 0.818 total sample: 567
20240426-20:35:32 test auc: 0.7950
20240426-20:35:32 ----------------------------------------------------------------------------------------------------
20240426-20:37:46 epoch:115 - train loss: 0.041 and train acc: 0.987 total sample: 1148
20240426-20:37:46 train auc: 0.9986
20240426-20:38:05 epoch:115 - test loss: 1.218 and test acc: 0.825 total sample: 567
20240426-20:38:05 test auc: 0.7884
20240426-20:38:06 ----------------------------------------------------------------------------------------------------
20240426-20:40:20 epoch:116 - train loss: 0.058 and train acc: 0.979 total sample: 1148
20240426-20:40:20 train auc: 0.9986
20240426-20:40:38 epoch:116 - test loss: 1.449 and test acc: 0.778 total sample: 567
20240426-20:40:38 test auc: 0.7739
20240426-20:40:38 ----------------------------------------------------------------------------------------------------
20240426-20:42:51 epoch:117 - train loss: 0.034 and train acc: 0.991 total sample: 1148
20240426-20:42:51 train auc: 0.9993
20240426-20:43:10 epoch:117 - test loss: 1.356 and test acc: 0.827 total sample: 567
20240426-20:43:10 test auc: 0.7855
20240426-20:43:10 ----------------------------------------------------------------------------------------------------
20240426-20:45:24 epoch:118 - train loss: 0.041 and train acc: 0.986 total sample: 1148
20240426-20:45:24 train auc: 0.9992
20240426-20:45:42 epoch:118 - test loss: 1.491 and test acc: 0.825 total sample: 567
20240426-20:45:42 test auc: 0.7765
20240426-20:45:42 ----------------------------------------------------------------------------------------------------
20240426-20:47:54 epoch:119 - train loss: 0.025 and train acc: 0.992 total sample: 1148
20240426-20:47:54 train auc: 0.9996
20240426-20:48:13 epoch:119 - test loss: 1.300 and test acc: 0.841 total sample: 567
20240426-20:48:13 test auc: 0.7997
20240426-20:48:13 ----------------------------------------------------------------------------------------------------
20240426-20:50:28 epoch:120 - train loss: 0.031 and train acc: 0.990 total sample: 1148
20240426-20:50:28 train auc: 0.9993
20240426-20:50:45 epoch:120 - test loss: 1.111 and test acc: 0.817 total sample: 567
20240426-20:50:45 test auc: 0.7888
20240426-20:50:45 ----------------------------------------------------------------------------------------------------
20240426-20:52:59 epoch:121 - train loss: 0.038 and train acc: 0.983 total sample: 1148
20240426-20:52:59 train auc: 0.9992
20240426-20:53:18 epoch:121 - test loss: 1.313 and test acc: 0.825 total sample: 567
20240426-20:53:18 test auc: 0.7749
20240426-20:53:18 ----------------------------------------------------------------------------------------------------
20240426-20:55:32 epoch:122 - train loss: 0.075 and train acc: 0.975 total sample: 1148
20240426-20:55:32 train auc: 0.9986
20240426-20:55:50 epoch:122 - test loss: 1.570 and test acc: 0.834 total sample: 567
20240426-20:55:50 test auc: 0.7816
20240426-20:55:50 ----------------------------------------------------------------------------------------------------
20240426-20:58:04 epoch:123 - train loss: 0.033 and train acc: 0.989 total sample: 1148
20240426-20:58:04 train auc: 0.9992
20240426-20:58:22 epoch:123 - test loss: 1.261 and test acc: 0.815 total sample: 567
20240426-20:58:22 test auc: 0.7843
20240426-20:58:22 ----------------------------------------------------------------------------------------------------
20240426-21:00:37 epoch:124 - train loss: 0.033 and train acc: 0.990 total sample: 1148
20240426-21:00:37 train auc: 0.9991
20240426-21:00:54 epoch:124 - test loss: 1.278 and test acc: 0.829 total sample: 567
20240426-21:00:54 test auc: 0.7883
20240426-21:00:54 ----------------------------------------------------------------------------------------------------
20240426-21:03:09 epoch:125 - train loss: 0.033 and train acc: 0.986 total sample: 1148
20240426-21:03:09 train auc: 0.9994
20240426-21:03:27 epoch:125 - test loss: 1.180 and test acc: 0.834 total sample: 567
20240426-21:03:27 test auc: 0.7863
20240426-21:03:27 ----------------------------------------------------------------------------------------------------
20240426-21:05:41 epoch:126 - train loss: 0.058 and train acc: 0.975 total sample: 1148
20240426-21:05:41 train auc: 0.9981
20240426-21:05:59 epoch:126 - test loss: 1.294 and test acc: 0.824 total sample: 567
20240426-21:05:59 test auc: 0.7848
20240426-21:05:59 ----------------------------------------------------------------------------------------------------
20240426-21:08:16 epoch:127 - train loss: 0.074 and train acc: 0.969 total sample: 1148
20240426-21:08:16 train auc: 0.9994
20240426-21:08:34 epoch:127 - test loss: 1.525 and test acc: 0.838 total sample: 567
20240426-21:08:34 test auc: 0.7910
20240426-21:08:34 ----------------------------------------------------------------------------------------------------
20240426-21:10:49 epoch:128 - train loss: 0.048 and train acc: 0.984 total sample: 1148
20240426-21:10:49 train auc: 0.9994
20240426-21:11:08 epoch:128 - test loss: 1.371 and test acc: 0.822 total sample: 567
20240426-21:11:08 test auc: 0.7928
20240426-21:11:09 ----------------------------------------------------------------------------------------------------
20240426-21:13:24 epoch:129 - train loss: 0.103 and train acc: 0.970 total sample: 1148
20240426-21:13:24 train auc: 0.9991
20240426-21:13:42 epoch:129 - test loss: 1.832 and test acc: 0.822 total sample: 567
20240426-21:13:42 test auc: 0.7966
20240426-21:13:42 ----------------------------------------------------------------------------------------------------
20240426-21:15:58 epoch:130 - train loss: 0.052 and train acc: 0.984 total sample: 1148
20240426-21:15:58 train auc: 0.9989
20240426-21:16:18 epoch:130 - test loss: 1.565 and test acc: 0.831 total sample: 567
20240426-21:16:18 test auc: 0.7899
20240426-21:16:18 ----------------------------------------------------------------------------------------------------
20240426-21:18:35 epoch:131 - train loss: 0.019 and train acc: 0.994 total sample: 1148
20240426-21:18:35 train auc: 0.9998
20240426-21:18:53 epoch:131 - test loss: 1.373 and test acc: 0.841 total sample: 567
20240426-21:18:53 test auc: 0.8036
20240426-21:18:53 ----------------------------------------------------------------------------------------------------
20240426-21:21:10 epoch:132 - train loss: 0.050 and train acc: 0.988 total sample: 1148
20240426-21:21:10 train auc: 0.9977
20240426-21:21:29 epoch:132 - test loss: 1.428 and test acc: 0.824 total sample: 567
20240426-21:21:29 test auc: 0.7846
20240426-21:21:29 ----------------------------------------------------------------------------------------------------
20240426-21:23:44 epoch:133 - train loss: 0.023 and train acc: 0.990 total sample: 1148
20240426-21:23:44 train auc: 0.9997
20240426-21:24:03 epoch:133 - test loss: 1.286 and test acc: 0.813 total sample: 567
20240426-21:24:03 test auc: 0.7908
20240426-21:24:03 ----------------------------------------------------------------------------------------------------
20240426-21:26:20 epoch:134 - train loss: 0.078 and train acc: 0.972 total sample: 1148
20240426-21:26:20 train auc: 0.9986
20240426-21:26:38 epoch:134 - test loss: 1.583 and test acc: 0.836 total sample: 567
20240426-21:26:38 test auc: 0.7967
20240426-21:26:38 ----------------------------------------------------------------------------------------------------
20240426-21:28:54 epoch:135 - train loss: 0.040 and train acc: 0.989 total sample: 1148
20240426-21:28:54 train auc: 0.9988
20240426-21:29:14 epoch:135 - test loss: 1.123 and test acc: 0.824 total sample: 567
20240426-21:29:14 test auc: 0.7986
20240426-21:29:14 ----------------------------------------------------------------------------------------------------
20240426-21:31:32 epoch:136 - train loss: 0.052 and train acc: 0.982 total sample: 1148
20240426-21:31:32 train auc: 0.9991
20240426-21:31:50 epoch:136 - test loss: 1.574 and test acc: 0.831 total sample: 567
20240426-21:31:50 test auc: 0.7971
20240426-21:31:51 ----------------------------------------------------------------------------------------------------
20240426-21:34:08 epoch:137 - train loss: 0.066 and train acc: 0.979 total sample: 1148
20240426-21:34:08 train auc: 0.9986
20240426-21:34:27 epoch:137 - test loss: 1.635 and test acc: 0.822 total sample: 567
20240426-21:34:27 test auc: 0.7865
20240426-21:34:27 ----------------------------------------------------------------------------------------------------
20240426-21:36:44 epoch:138 - train loss: 0.057 and train acc: 0.977 total sample: 1148
20240426-21:36:44 train auc: 0.9986
20240426-21:37:04 epoch:138 - test loss: 1.437 and test acc: 0.836 total sample: 567
20240426-21:37:04 test auc: 0.7941
20240426-21:37:05 ----------------------------------------------------------------------------------------------------
20240426-21:39:24 epoch:139 - train loss: 0.071 and train acc: 0.978 total sample: 1148
20240426-21:39:24 train auc: 0.9991
20240426-21:39:43 epoch:139 - test loss: 1.507 and test acc: 0.822 total sample: 567
20240426-21:39:43 test auc: 0.7954
20240426-21:39:43 ----------------------------------------------------------------------------------------------------
20240426-21:42:00 epoch:140 - train loss: 0.054 and train acc: 0.983 total sample: 1148
20240426-21:42:00 train auc: 0.9990
20240426-21:42:20 epoch:140 - test loss: 1.591 and test acc: 0.838 total sample: 567
20240426-21:42:20 test auc: 0.7893
20240426-21:42:20 ----------------------------------------------------------------------------------------------------
20240426-21:44:39 epoch:141 - train loss: 0.058 and train acc: 0.979 total sample: 1148
20240426-21:44:39 train auc: 0.9983
20240426-21:44:57 epoch:141 - test loss: 1.311 and test acc: 0.824 total sample: 567
20240426-21:44:57 test auc: 0.7866
20240426-21:44:57 ----------------------------------------------------------------------------------------------------
20240426-21:47:16 epoch:142 - train loss: 0.072 and train acc: 0.975 total sample: 1148
20240426-21:47:16 train auc: 0.9993
20240426-21:47:35 epoch:142 - test loss: 1.423 and test acc: 0.806 total sample: 567
20240426-21:47:35 test auc: 0.7880
20240426-21:47:35 ----------------------------------------------------------------------------------------------------
20240426-21:49:52 epoch:143 - train loss: 0.028 and train acc: 0.991 total sample: 1148
20240426-21:49:52 train auc: 0.9995
20240426-21:50:13 epoch:143 - test loss: 1.399 and test acc: 0.815 total sample: 567
20240426-21:50:13 test auc: 0.7779
20240426-21:50:13 ----------------------------------------------------------------------------------------------------
20240426-21:52:32 epoch:144 - train loss: 0.027 and train acc: 0.994 total sample: 1148
20240426-21:52:32 train auc: 0.9993
20240426-21:52:50 epoch:144 - test loss: 1.221 and test acc: 0.802 total sample: 567
20240426-21:52:50 test auc: 0.7859
20240426-21:52:50 ----------------------------------------------------------------------------------------------------
20240426-21:55:09 epoch:145 - train loss: 0.049 and train acc: 0.983 total sample: 1148
20240426-21:55:09 train auc: 0.9986
20240426-21:55:28 epoch:145 - test loss: 1.307 and test acc: 0.822 total sample: 567
20240426-21:55:28 test auc: 0.7924
20240426-21:55:28 ----------------------------------------------------------------------------------------------------
20240426-21:57:45 epoch:146 - train loss: 0.082 and train acc: 0.974 total sample: 1148
20240426-21:57:45 train auc: 0.9981
20240426-21:58:05 epoch:146 - test loss: 1.683 and test acc: 0.832 total sample: 567
20240426-21:58:05 test auc: 0.7745
20240426-21:58:05 ----------------------------------------------------------------------------------------------------
20240426-22:00:23 epoch:147 - train loss: 0.073 and train acc: 0.971 total sample: 1148
20240426-22:00:23 train auc: 0.9982
20240426-22:00:41 epoch:147 - test loss: 1.294 and test acc: 0.827 total sample: 567
20240426-22:00:41 test auc: 0.7790
20240426-22:00:41 ----------------------------------------------------------------------------------------------------
20240426-22:02:58 epoch:148 - train loss: 0.035 and train acc: 0.987 total sample: 1148
20240426-22:02:58 train auc: 0.9996
20240426-22:03:18 epoch:148 - test loss: 1.267 and test acc: 0.815 total sample: 567
20240426-22:03:18 test auc: 0.7860
20240426-22:03:18 ----------------------------------------------------------------------------------------------------
20240426-22:05:37 epoch:149 - train loss: 0.144 and train acc: 0.952 total sample: 1148
20240426-22:05:37 train auc: 0.9985
20240426-22:05:56 epoch:149 - test loss: 1.749 and test acc: 0.811 total sample: 567
20240426-22:05:56 test auc: 0.7799
20240426-22:05:56 ----------------------------------------------------------------------------------------------------
20240426-22:08:14 epoch:150 - train loss: 0.086 and train acc: 0.981 total sample: 1148
20240426-22:08:14 train auc: 0.9976
20240426-22:08:33 epoch:150 - test loss: 1.427 and test acc: 0.836 total sample: 567
20240426-22:08:33 test auc: 0.7974
