20240428-21:21:13 ----------------------------------------------------------------------------------------------------
20240428-21:23:15 epoch:1 - train loss: 0.695 and train acc: 0.761 total sample: 1148
20240428-21:23:15 train auc: 0.7872
20240428-21:23:33 epoch:1 - test loss: 0.769 and test acc: 0.771 total sample: 567
20240428-21:23:33 test auc: 0.7683
20240428-21:23:33 ----------------------------------------------------------------------------------------------------
20240428-21:25:32 epoch:2 - train loss: 0.623 and train acc: 0.767 total sample: 1148
20240428-21:25:32 train auc: 0.7841
20240428-21:25:50 epoch:2 - test loss: 0.690 and test acc: 0.741 total sample: 567
20240428-21:25:50 test auc: 0.7413
20240428-21:25:50 ----------------------------------------------------------------------------------------------------
20240428-21:27:47 epoch:3 - train loss: 0.624 and train acc: 0.794 total sample: 1148
20240428-21:27:47 train auc: 0.7982
20240428-21:28:06 epoch:3 - test loss: 0.709 and test acc: 0.781 total sample: 567
20240428-21:28:06 test auc: 0.7833
20240428-21:28:06 ----------------------------------------------------------------------------------------------------
20240428-21:30:05 epoch:4 - train loss: 0.629 and train acc: 0.798 total sample: 1148
20240428-21:30:05 train auc: 0.7956
20240428-21:30:23 epoch:4 - test loss: 0.773 and test acc: 0.783 total sample: 567
20240428-21:30:23 test auc: 0.7670
20240428-21:30:23 ----------------------------------------------------------------------------------------------------
20240428-21:32:21 epoch:5 - train loss: 0.534 and train acc: 0.800 total sample: 1148
20240428-21:32:21 train auc: 0.8216
20240428-21:32:39 epoch:5 - test loss: 0.639 and test acc: 0.815 total sample: 567
20240428-21:32:39 test auc: 0.7828
20240428-21:32:39 ----------------------------------------------------------------------------------------------------
20240428-21:34:36 epoch:6 - train loss: 0.515 and train acc: 0.793 total sample: 1148
20240428-21:34:36 train auc: 0.8249
20240428-21:34:54 epoch:6 - test loss: 0.671 and test acc: 0.792 total sample: 567
20240428-21:34:54 test auc: 0.7574
20240428-21:34:54 ----------------------------------------------------------------------------------------------------
20240428-21:36:50 epoch:7 - train loss: 0.498 and train acc: 0.799 total sample: 1148
20240428-21:36:50 train auc: 0.8320
20240428-21:37:09 epoch:7 - test loss: 0.709 and test acc: 0.769 total sample: 567
20240428-21:37:09 test auc: 0.7276
20240428-21:37:09 ----------------------------------------------------------------------------------------------------
20240428-21:39:06 epoch:8 - train loss: 0.531 and train acc: 0.796 total sample: 1148
20240428-21:39:06 train auc: 0.8252
20240428-21:39:24 epoch:8 - test loss: 0.761 and test acc: 0.792 total sample: 567
20240428-21:39:24 test auc: 0.7350
20240428-21:39:24 ----------------------------------------------------------------------------------------------------
20240428-21:41:22 epoch:9 - train loss: 0.530 and train acc: 0.789 total sample: 1148
20240428-21:41:22 train auc: 0.8221
20240428-21:41:40 epoch:9 - test loss: 0.765 and test acc: 0.772 total sample: 567
20240428-21:41:40 test auc: 0.7304
20240428-21:41:40 ----------------------------------------------------------------------------------------------------
20240428-21:43:37 epoch:10 - train loss: 0.503 and train acc: 0.795 total sample: 1148
20240428-21:43:37 train auc: 0.8340
20240428-21:43:55 epoch:10 - test loss: 0.730 and test acc: 0.765 total sample: 567
20240428-21:43:55 test auc: 0.7375
20240428-21:43:55 ----------------------------------------------------------------------------------------------------
20240428-21:45:51 epoch:11 - train loss: 0.521 and train acc: 0.824 total sample: 1148
20240428-21:45:51 train auc: 0.8421
20240428-21:46:11 epoch:11 - test loss: 0.813 and test acc: 0.790 total sample: 567
20240428-21:46:11 test auc: 0.7467
20240428-21:46:11 ----------------------------------------------------------------------------------------------------
20240428-21:48:08 epoch:12 - train loss: 0.469 and train acc: 0.801 total sample: 1148
20240428-21:48:08 train auc: 0.8471
20240428-21:48:26 epoch:12 - test loss: 0.695 and test acc: 0.783 total sample: 567
20240428-21:48:26 test auc: 0.7427
20240428-21:48:27 ----------------------------------------------------------------------------------------------------
20240428-21:50:25 epoch:13 - train loss: 0.426 and train acc: 0.826 total sample: 1148
20240428-21:50:25 train auc: 0.8730
20240428-21:50:43 epoch:13 - test loss: 0.668 and test acc: 0.808 total sample: 567
20240428-21:50:43 test auc: 0.7732
20240428-21:50:43 ----------------------------------------------------------------------------------------------------
20240428-21:52:40 epoch:14 - train loss: 0.483 and train acc: 0.838 total sample: 1148
20240428-21:52:40 train auc: 0.8552
20240428-21:52:58 epoch:14 - test loss: 0.801 and test acc: 0.783 total sample: 567
20240428-21:52:58 test auc: 0.7491
20240428-21:52:58 ----------------------------------------------------------------------------------------------------
20240428-21:54:55 epoch:15 - train loss: 0.453 and train acc: 0.822 total sample: 1148
20240428-21:54:55 train auc: 0.8500
20240428-21:55:14 epoch:15 - test loss: 0.699 and test acc: 0.797 total sample: 567
20240428-21:55:14 test auc: 0.7454
20240428-21:55:14 ----------------------------------------------------------------------------------------------------
20240428-21:57:12 epoch:16 - train loss: 0.455 and train acc: 0.815 total sample: 1148
20240428-21:57:12 train auc: 0.8528
20240428-21:57:29 epoch:16 - test loss: 0.698 and test acc: 0.780 total sample: 567
20240428-21:57:29 test auc: 0.7583
20240428-21:57:30 ----------------------------------------------------------------------------------------------------
20240428-21:59:27 epoch:17 - train loss: 0.473 and train acc: 0.834 total sample: 1148
20240428-21:59:27 train auc: 0.8645
20240428-21:59:45 epoch:17 - test loss: 0.736 and test acc: 0.776 total sample: 567
20240428-21:59:45 test auc: 0.7631
20240428-21:59:45 ----------------------------------------------------------------------------------------------------
20240428-22:01:41 epoch:18 - train loss: 0.419 and train acc: 0.841 total sample: 1148
20240428-22:01:41 train auc: 0.8700
20240428-22:01:59 epoch:18 - test loss: 0.678 and test acc: 0.781 total sample: 567
20240428-22:01:59 test auc: 0.7484
20240428-22:01:59 ----------------------------------------------------------------------------------------------------
20240428-22:03:55 epoch:19 - train loss: 0.445 and train acc: 0.837 total sample: 1148
20240428-22:03:55 train auc: 0.8622
20240428-22:04:14 epoch:19 - test loss: 0.741 and test acc: 0.780 total sample: 567
20240428-22:04:14 test auc: 0.7392
20240428-22:04:14 ----------------------------------------------------------------------------------------------------
20240428-22:06:11 epoch:20 - train loss: 0.419 and train acc: 0.839 total sample: 1148
20240428-22:06:12 train auc: 0.8734
20240428-22:06:30 epoch:20 - test loss: 0.702 and test acc: 0.801 total sample: 567
20240428-22:06:30 test auc: 0.7626
20240428-22:06:30 ----------------------------------------------------------------------------------------------------
20240428-22:08:27 epoch:21 - train loss: 0.473 and train acc: 0.834 total sample: 1148
20240428-22:08:27 train auc: 0.8955
20240428-22:08:45 epoch:21 - test loss: 0.797 and test acc: 0.801 total sample: 567
20240428-22:08:45 test auc: 0.7764
20240428-22:08:45 ----------------------------------------------------------------------------------------------------
20240428-22:10:41 epoch:22 - train loss: 0.451 and train acc: 0.847 total sample: 1148
20240428-22:10:41 train auc: 0.8862
20240428-22:10:58 epoch:22 - test loss: 0.775 and test acc: 0.794 total sample: 567
20240428-22:10:58 test auc: 0.7585
20240428-22:10:58 ----------------------------------------------------------------------------------------------------
20240428-22:12:55 epoch:23 - train loss: 0.403 and train acc: 0.848 total sample: 1148
20240428-22:12:55 train auc: 0.8860
20240428-22:13:14 epoch:23 - test loss: 0.680 and test acc: 0.787 total sample: 567
20240428-22:13:14 test auc: 0.7789
20240428-22:13:14 ----------------------------------------------------------------------------------------------------
20240428-22:15:10 epoch:24 - train loss: 0.429 and train acc: 0.839 total sample: 1148
20240428-22:15:10 train auc: 0.8853
20240428-22:15:28 epoch:24 - test loss: 0.759 and test acc: 0.765 total sample: 567
20240428-22:15:28 test auc: 0.7557
20240428-22:15:28 ----------------------------------------------------------------------------------------------------
20240428-22:17:24 epoch:25 - train loss: 0.356 and train acc: 0.861 total sample: 1148
20240428-22:17:24 train auc: 0.9072
20240428-22:17:41 epoch:25 - test loss: 0.653 and test acc: 0.808 total sample: 567
20240428-22:17:41 test auc: 0.7792
20240428-22:17:42 ----------------------------------------------------------------------------------------------------
20240428-22:19:39 epoch:26 - train loss: 0.400 and train acc: 0.836 total sample: 1148
20240428-22:19:39 train auc: 0.9009
20240428-22:19:56 epoch:26 - test loss: 0.743 and test acc: 0.794 total sample: 567
20240428-22:19:56 test auc: 0.7675
20240428-22:19:56 ----------------------------------------------------------------------------------------------------
20240428-22:21:54 epoch:27 - train loss: 0.341 and train acc: 0.870 total sample: 1148
20240428-22:21:54 train auc: 0.9118
20240428-22:22:13 epoch:27 - test loss: 0.655 and test acc: 0.804 total sample: 567
20240428-22:22:13 test auc: 0.7735
20240428-22:22:13 ----------------------------------------------------------------------------------------------------
20240428-22:24:10 epoch:28 - train loss: 0.371 and train acc: 0.866 total sample: 1148
20240428-22:24:10 train auc: 0.9031
20240428-22:24:28 epoch:28 - test loss: 0.666 and test acc: 0.783 total sample: 567
20240428-22:24:28 test auc: 0.7789
20240428-22:24:28 ----------------------------------------------------------------------------------------------------
20240428-22:26:25 epoch:29 - train loss: 0.395 and train acc: 0.852 total sample: 1148
20240428-22:26:25 train auc: 0.8934
20240428-22:26:43 epoch:29 - test loss: 0.751 and test acc: 0.776 total sample: 567
20240428-22:26:43 test auc: 0.7661
20240428-22:26:43 ----------------------------------------------------------------------------------------------------
20240428-22:28:38 epoch:30 - train loss: 0.347 and train acc: 0.846 total sample: 1148
20240428-22:28:38 train auc: 0.9126
20240428-22:28:55 epoch:30 - test loss: 0.677 and test acc: 0.767 total sample: 567
20240428-22:28:55 test auc: 0.7548
20240428-22:28:56 ----------------------------------------------------------------------------------------------------
20240428-22:30:52 epoch:31 - train loss: 0.375 and train acc: 0.851 total sample: 1148
20240428-22:30:52 train auc: 0.9043
20240428-22:31:11 epoch:31 - test loss: 0.672 and test acc: 0.810 total sample: 567
20240428-22:31:11 test auc: 0.7914
20240428-22:31:11 ----------------------------------------------------------------------------------------------------
20240428-22:33:08 epoch:32 - train loss: 0.288 and train acc: 0.880 total sample: 1148
20240428-22:33:08 train auc: 0.9357
20240428-22:33:25 epoch:32 - test loss: 0.666 and test acc: 0.815 total sample: 567
20240428-22:33:25 test auc: 0.7717
20240428-22:33:25 ----------------------------------------------------------------------------------------------------
20240428-22:35:22 epoch:33 - train loss: 0.388 and train acc: 0.828 total sample: 1148
20240428-22:35:22 train auc: 0.9007
20240428-22:35:39 epoch:33 - test loss: 0.641 and test acc: 0.760 total sample: 567
20240428-22:35:39 test auc: 0.7704
20240428-22:35:39 ----------------------------------------------------------------------------------------------------
20240428-22:37:37 epoch:34 - train loss: 0.335 and train acc: 0.870 total sample: 1148
20240428-22:37:37 train auc: 0.9151
20240428-22:37:54 epoch:34 - test loss: 0.740 and test acc: 0.776 total sample: 567
20240428-22:37:54 test auc: 0.7458
20240428-22:37:54 ----------------------------------------------------------------------------------------------------
20240428-22:39:50 epoch:35 - train loss: 0.392 and train acc: 0.860 total sample: 1148
20240428-22:39:50 train auc: 0.9103
20240428-22:40:09 epoch:35 - test loss: 0.720 and test acc: 0.810 total sample: 567
20240428-22:40:09 test auc: 0.7892
20240428-22:40:09 ----------------------------------------------------------------------------------------------------
20240428-22:42:05 epoch:36 - train loss: 0.381 and train acc: 0.849 total sample: 1148
20240428-22:42:05 train auc: 0.9026
20240428-22:42:23 epoch:36 - test loss: 0.707 and test acc: 0.794 total sample: 567
20240428-22:42:23 test auc: 0.7860
20240428-22:42:23 ----------------------------------------------------------------------------------------------------
20240428-22:44:19 epoch:37 - train loss: 0.315 and train acc: 0.869 total sample: 1148
20240428-22:44:19 train auc: 0.9254
20240428-22:44:38 epoch:37 - test loss: 0.659 and test acc: 0.799 total sample: 567
20240428-22:44:38 test auc: 0.7845
20240428-22:44:38 ----------------------------------------------------------------------------------------------------
20240428-22:46:34 epoch:38 - train loss: 0.343 and train acc: 0.868 total sample: 1148
20240428-22:46:34 train auc: 0.9318
20240428-22:46:51 epoch:38 - test loss: 0.820 and test acc: 0.794 total sample: 567
20240428-22:46:51 test auc: 0.7511
20240428-22:46:51 ----------------------------------------------------------------------------------------------------
20240428-22:48:48 epoch:39 - train loss: 0.277 and train acc: 0.885 total sample: 1148
20240428-22:48:48 train auc: 0.9404
20240428-22:49:07 epoch:39 - test loss: 0.627 and test acc: 0.774 total sample: 567
20240428-22:49:07 test auc: 0.7905
20240428-22:49:07 ----------------------------------------------------------------------------------------------------
20240428-22:51:02 epoch:40 - train loss: 0.307 and train acc: 0.872 total sample: 1148
20240428-22:51:02 train auc: 0.9274
20240428-22:51:22 epoch:40 - test loss: 0.654 and test acc: 0.804 total sample: 567
20240428-22:51:22 test auc: 0.7825
20240428-22:51:22 ----------------------------------------------------------------------------------------------------
20240428-22:53:20 epoch:41 - train loss: 0.284 and train acc: 0.884 total sample: 1148
20240428-22:53:20 train auc: 0.9364
20240428-22:53:38 epoch:41 - test loss: 0.642 and test acc: 0.799 total sample: 567
20240428-22:53:38 test auc: 0.7842
20240428-22:53:38 ----------------------------------------------------------------------------------------------------
20240428-22:55:34 epoch:42 - train loss: 0.294 and train acc: 0.880 total sample: 1148
20240428-22:55:34 train auc: 0.9409
20240428-22:55:52 epoch:42 - test loss: 0.714 and test acc: 0.810 total sample: 567
20240428-22:55:52 test auc: 0.7748
20240428-22:55:52 ----------------------------------------------------------------------------------------------------
20240428-22:57:47 epoch:43 - train loss: 0.328 and train acc: 0.872 total sample: 1148
20240428-22:57:47 train auc: 0.9236
20240428-22:58:06 epoch:43 - test loss: 0.625 and test acc: 0.810 total sample: 567
20240428-22:58:06 test auc: 0.7966
20240428-22:58:07 ----------------------------------------------------------------------------------------------------
20240428-23:00:03 epoch:44 - train loss: 0.310 and train acc: 0.882 total sample: 1148
20240428-23:00:03 train auc: 0.9350
20240428-23:00:21 epoch:44 - test loss: 0.683 and test acc: 0.787 total sample: 567
20240428-23:00:21 test auc: 0.7803
20240428-23:00:21 ----------------------------------------------------------------------------------------------------
20240428-23:02:18 epoch:45 - train loss: 0.283 and train acc: 0.889 total sample: 1148
20240428-23:02:18 train auc: 0.9509
20240428-23:02:36 epoch:45 - test loss: 0.718 and test acc: 0.801 total sample: 567
20240428-23:02:36 test auc: 0.7993
20240428-23:02:36 ----------------------------------------------------------------------------------------------------
20240428-23:04:33 epoch:46 - train loss: 0.281 and train acc: 0.899 total sample: 1148
20240428-23:04:33 train auc: 0.9501
20240428-23:04:50 epoch:46 - test loss: 0.761 and test acc: 0.795 total sample: 567
20240428-23:04:50 test auc: 0.7832
20240428-23:04:50 ----------------------------------------------------------------------------------------------------
20240428-23:06:45 epoch:47 - train loss: 0.257 and train acc: 0.899 total sample: 1148
20240428-23:06:45 train auc: 0.9518
20240428-23:07:02 epoch:47 - test loss: 0.725 and test acc: 0.790 total sample: 567
20240428-23:07:02 test auc: 0.7773
20240428-23:07:03 ----------------------------------------------------------------------------------------------------
20240428-23:08:59 epoch:48 - train loss: 0.264 and train acc: 0.897 total sample: 1148
20240428-23:08:59 train auc: 0.9438
20240428-23:09:18 epoch:48 - test loss: 0.628 and test acc: 0.790 total sample: 567
20240428-23:09:18 test auc: 0.7916
20240428-23:09:18 ----------------------------------------------------------------------------------------------------
20240428-23:11:14 epoch:49 - train loss: 0.265 and train acc: 0.903 total sample: 1148
20240428-23:11:14 train auc: 0.9656
20240428-23:11:32 epoch:49 - test loss: 0.791 and test acc: 0.813 total sample: 567
20240428-23:11:32 test auc: 0.7938
20240428-23:11:32 ----------------------------------------------------------------------------------------------------
20240428-23:13:28 epoch:50 - train loss: 0.252 and train acc: 0.900 total sample: 1148
20240428-23:13:28 train auc: 0.9508
20240428-23:13:45 epoch:50 - test loss: 0.685 and test acc: 0.780 total sample: 567
20240428-23:13:45 test auc: 0.7780
20240428-23:13:45 ----------------------------------------------------------------------------------------------------
20240428-23:15:42 epoch:51 - train loss: 0.206 and train acc: 0.908 total sample: 1148
20240428-23:15:42 train auc: 0.9683
20240428-23:15:59 epoch:51 - test loss: 0.617 and test acc: 0.802 total sample: 567
20240428-23:15:59 test auc: 0.7902
20240428-23:16:00 ----------------------------------------------------------------------------------------------------
20240428-23:17:55 epoch:52 - train loss: 0.231 and train acc: 0.906 total sample: 1148
20240428-23:17:55 train auc: 0.9649
20240428-23:18:14 epoch:52 - test loss: 0.617 and test acc: 0.794 total sample: 567
20240428-23:18:14 test auc: 0.7836
20240428-23:18:14 ----------------------------------------------------------------------------------------------------
20240428-23:20:10 epoch:53 - train loss: 0.227 and train acc: 0.916 total sample: 1148
20240428-23:20:10 train auc: 0.9627
20240428-23:20:28 epoch:53 - test loss: 0.682 and test acc: 0.808 total sample: 567
20240428-23:20:28 test auc: 0.7981
20240428-23:20:28 ----------------------------------------------------------------------------------------------------
20240428-23:22:25 epoch:54 - train loss: 0.285 and train acc: 0.895 total sample: 1148
20240428-23:22:25 train auc: 0.9556
20240428-23:22:43 epoch:54 - test loss: 0.788 and test acc: 0.808 total sample: 567
20240428-23:22:43 test auc: 0.7909
20240428-23:22:43 ----------------------------------------------------------------------------------------------------
20240428-23:24:39 epoch:55 - train loss: 0.183 and train acc: 0.921 total sample: 1148
20240428-23:24:39 train auc: 0.9768
20240428-23:24:57 epoch:55 - test loss: 0.705 and test acc: 0.815 total sample: 567
20240428-23:24:57 test auc: 0.7761
20240428-23:24:57 ----------------------------------------------------------------------------------------------------
20240428-23:26:53 epoch:56 - train loss: 0.232 and train acc: 0.915 total sample: 1148
20240428-23:26:53 train auc: 0.9587
20240428-23:27:12 epoch:56 - test loss: 0.721 and test acc: 0.817 total sample: 567
20240428-23:27:12 test auc: 0.7877
20240428-23:27:12 ----------------------------------------------------------------------------------------------------
20240428-23:29:08 epoch:57 - train loss: 0.203 and train acc: 0.917 total sample: 1148
20240428-23:29:08 train auc: 0.9691
20240428-23:29:26 epoch:57 - test loss: 0.621 and test acc: 0.840 total sample: 567
20240428-23:29:26 test auc: 0.8115
20240428-23:29:26 ----------------------------------------------------------------------------------------------------
20240428-23:31:22 epoch:58 - train loss: 0.176 and train acc: 0.929 total sample: 1148
20240428-23:31:22 train auc: 0.9789
20240428-23:31:39 epoch:58 - test loss: 0.646 and test acc: 0.783 total sample: 567
20240428-23:31:39 test auc: 0.7976
20240428-23:31:40 ----------------------------------------------------------------------------------------------------
20240428-23:33:35 epoch:59 - train loss: 0.194 and train acc: 0.932 total sample: 1148
20240428-23:33:35 train auc: 0.9710
20240428-23:33:53 epoch:59 - test loss: 0.708 and test acc: 0.811 total sample: 567
20240428-23:33:53 test auc: 0.7916
20240428-23:33:53 ----------------------------------------------------------------------------------------------------
20240428-23:35:49 epoch:60 - train loss: 0.191 and train acc: 0.923 total sample: 1148
20240428-23:35:49 train auc: 0.9718
20240428-23:36:08 epoch:60 - test loss: 0.658 and test acc: 0.808 total sample: 567
20240428-23:36:08 test auc: 0.8025
20240428-23:36:08 ----------------------------------------------------------------------------------------------------
20240428-23:38:04 epoch:61 - train loss: 0.218 and train acc: 0.915 total sample: 1148
20240428-23:38:04 train auc: 0.9694
20240428-23:38:22 epoch:61 - test loss: 0.777 and test acc: 0.797 total sample: 567
20240428-23:38:22 test auc: 0.7981
20240428-23:38:22 ----------------------------------------------------------------------------------------------------
20240428-23:40:19 epoch:62 - train loss: 0.164 and train acc: 0.936 total sample: 1148
20240428-23:40:19 train auc: 0.9808
20240428-23:40:37 epoch:62 - test loss: 0.707 and test acc: 0.836 total sample: 567
20240428-23:40:37 test auc: 0.8134
20240428-23:40:37 ----------------------------------------------------------------------------------------------------
20240428-23:42:33 epoch:63 - train loss: 0.134 and train acc: 0.945 total sample: 1148
20240428-23:42:33 train auc: 0.9858
20240428-23:42:50 epoch:63 - test loss: 0.743 and test acc: 0.811 total sample: 567
20240428-23:42:50 test auc: 0.7934
20240428-23:42:51 ----------------------------------------------------------------------------------------------------
20240428-23:44:45 epoch:64 - train loss: 0.220 and train acc: 0.909 total sample: 1148
20240428-23:44:45 train auc: 0.9801
20240428-23:45:03 epoch:64 - test loss: 0.718 and test acc: 0.748 total sample: 567
20240428-23:45:03 test auc: 0.7939
20240428-23:45:04 ----------------------------------------------------------------------------------------------------
20240428-23:46:58 epoch:65 - train loss: 0.187 and train acc: 0.930 total sample: 1148
20240428-23:46:58 train auc: 0.9836
20240428-23:47:16 epoch:65 - test loss: 0.803 and test acc: 0.824 total sample: 567
20240428-23:47:16 test auc: 0.8074
20240428-23:47:17 ----------------------------------------------------------------------------------------------------
20240428-23:49:12 epoch:66 - train loss: 0.212 and train acc: 0.918 total sample: 1148
20240428-23:49:12 train auc: 0.9852
20240428-23:49:29 epoch:66 - test loss: 0.953 and test acc: 0.799 total sample: 567
20240428-23:49:29 test auc: 0.8018
20240428-23:49:29 ----------------------------------------------------------------------------------------------------
20240428-23:51:27 epoch:67 - train loss: 0.149 and train acc: 0.935 total sample: 1148
20240428-23:51:27 train auc: 0.9869
20240428-23:51:45 epoch:67 - test loss: 0.668 and test acc: 0.824 total sample: 567
20240428-23:51:45 test auc: 0.8443
20240428-23:51:45 ----------------------------------------------------------------------------------------------------
20240428-23:53:40 epoch:68 - train loss: 0.120 and train acc: 0.956 total sample: 1148
20240428-23:53:40 train auc: 0.9910
20240428-23:53:57 epoch:68 - test loss: 0.675 and test acc: 0.810 total sample: 567
20240428-23:53:57 test auc: 0.8012
20240428-23:53:57 ----------------------------------------------------------------------------------------------------
20240428-23:55:53 epoch:69 - train loss: 0.139 and train acc: 0.939 total sample: 1148
20240428-23:55:53 train auc: 0.9883
20240428-23:56:11 epoch:69 - test loss: 0.790 and test acc: 0.806 total sample: 567
20240428-23:56:11 test auc: 0.7915
20240428-23:56:12 ----------------------------------------------------------------------------------------------------
20240428-23:58:08 epoch:70 - train loss: 0.124 and train acc: 0.952 total sample: 1148
20240428-23:58:08 train auc: 0.9899
20240428-23:58:26 epoch:70 - test loss: 0.799 and test acc: 0.818 total sample: 567
20240428-23:58:26 test auc: 0.8159
20240428-23:58:26 ----------------------------------------------------------------------------------------------------
20240429-00:00:23 epoch:71 - train loss: 0.111 and train acc: 0.956 total sample: 1148
20240429-00:00:23 train auc: 0.9915
20240429-00:00:40 epoch:71 - test loss: 0.706 and test acc: 0.838 total sample: 567
20240429-00:00:40 test auc: 0.8214
20240429-00:00:40 ----------------------------------------------------------------------------------------------------
20240429-00:02:36 epoch:72 - train loss: 0.138 and train acc: 0.944 total sample: 1148
20240429-00:02:36 train auc: 0.9859
20240429-00:02:54 epoch:72 - test loss: 0.672 and test acc: 0.817 total sample: 567
20240429-00:02:54 test auc: 0.8081
20240429-00:02:54 ----------------------------------------------------------------------------------------------------
20240429-00:04:51 epoch:73 - train loss: 0.147 and train acc: 0.939 total sample: 1148
20240429-00:04:51 train auc: 0.9856
20240429-00:05:10 epoch:73 - test loss: 0.719 and test acc: 0.834 total sample: 567
20240429-00:05:10 test auc: 0.8172
20240429-00:05:11 ----------------------------------------------------------------------------------------------------
20240429-00:07:08 epoch:74 - train loss: 0.125 and train acc: 0.951 total sample: 1148
20240429-00:07:08 train auc: 0.9903
20240429-00:07:25 epoch:74 - test loss: 0.624 and test acc: 0.802 total sample: 567
20240429-00:07:25 test auc: 0.8283
20240429-00:07:26 ----------------------------------------------------------------------------------------------------
20240429-00:09:22 epoch:75 - train loss: 0.087 and train acc: 0.966 total sample: 1148
20240429-00:09:22 train auc: 0.9951
20240429-00:09:39 epoch:75 - test loss: 0.775 and test acc: 0.822 total sample: 567
20240429-00:09:39 test auc: 0.8227
20240429-00:09:40 ----------------------------------------------------------------------------------------------------
20240429-00:11:40 epoch:76 - train loss: 0.132 and train acc: 0.941 total sample: 1148
20240429-00:11:40 train auc: 0.9910
20240429-00:11:58 epoch:76 - test loss: 0.831 and test acc: 0.804 total sample: 567
20240429-00:11:58 test auc: 0.8356
20240429-00:11:59 ----------------------------------------------------------------------------------------------------
20240429-00:13:58 epoch:77 - train loss: 0.159 and train acc: 0.937 total sample: 1148
20240429-00:13:58 train auc: 0.9879
20240429-00:14:18 epoch:77 - test loss: 0.911 and test acc: 0.815 total sample: 567
20240429-00:14:18 test auc: 0.8163
20240429-00:14:18 ----------------------------------------------------------------------------------------------------
20240429-00:16:18 epoch:78 - train loss: 0.125 and train acc: 0.949 total sample: 1148
20240429-00:16:18 train auc: 0.9891
20240429-00:16:36 epoch:78 - test loss: 0.713 and test acc: 0.794 total sample: 567
20240429-00:16:36 test auc: 0.8058
20240429-00:16:36 ----------------------------------------------------------------------------------------------------
20240429-00:18:35 epoch:79 - train loss: 0.132 and train acc: 0.949 total sample: 1148
20240429-00:18:35 train auc: 0.9907
20240429-00:18:54 epoch:79 - test loss: 0.834 and test acc: 0.811 total sample: 567
20240429-00:18:54 test auc: 0.8343
20240429-00:18:54 ----------------------------------------------------------------------------------------------------
20240429-00:20:54 epoch:80 - train loss: 0.122 and train acc: 0.949 total sample: 1148
20240429-00:20:54 train auc: 0.9930
20240429-00:21:13 epoch:80 - test loss: 0.887 and test acc: 0.810 total sample: 567
20240429-00:21:14 test auc: 0.8159
20240429-00:21:14 ----------------------------------------------------------------------------------------------------
20240429-00:23:14 epoch:81 - train loss: 0.078 and train acc: 0.966 total sample: 1148
20240429-00:23:14 train auc: 0.9964
20240429-00:23:31 epoch:81 - test loss: 0.827 and test acc: 0.822 total sample: 567
20240429-00:23:31 test auc: 0.8112
20240429-00:23:31 ----------------------------------------------------------------------------------------------------
20240429-00:25:28 epoch:82 - train loss: 0.080 and train acc: 0.970 total sample: 1148
20240429-00:25:28 train auc: 0.9963
20240429-00:25:46 epoch:82 - test loss: 0.819 and test acc: 0.806 total sample: 567
20240429-00:25:46 test auc: 0.8057
20240429-00:25:46 ----------------------------------------------------------------------------------------------------
20240429-00:27:44 epoch:83 - train loss: 0.137 and train acc: 0.949 total sample: 1148
20240429-00:27:44 train auc: 0.9870
20240429-00:28:03 epoch:83 - test loss: 0.871 and test acc: 0.818 total sample: 567
20240429-00:28:03 test auc: 0.8012
20240429-00:28:03 ----------------------------------------------------------------------------------------------------
20240429-00:30:03 epoch:84 - train loss: 0.140 and train acc: 0.947 total sample: 1148
20240429-00:30:03 train auc: 0.9852
20240429-00:30:22 epoch:84 - test loss: 0.783 and test acc: 0.802 total sample: 567
20240429-00:30:22 test auc: 0.8064
20240429-00:30:22 ----------------------------------------------------------------------------------------------------
20240429-00:32:21 epoch:85 - train loss: 0.093 and train acc: 0.961 total sample: 1148
20240429-00:32:21 train auc: 0.9937
20240429-00:32:39 epoch:85 - test loss: 0.805 and test acc: 0.827 total sample: 567
20240429-00:32:39 test auc: 0.8140
20240429-00:32:39 ----------------------------------------------------------------------------------------------------
20240429-00:34:36 epoch:86 - train loss: 0.079 and train acc: 0.969 total sample: 1148
20240429-00:34:36 train auc: 0.9959
20240429-00:34:54 epoch:86 - test loss: 0.808 and test acc: 0.829 total sample: 567
20240429-00:34:54 test auc: 0.8188
20240429-00:34:54 ----------------------------------------------------------------------------------------------------
20240429-00:36:53 epoch:87 - train loss: 0.121 and train acc: 0.951 total sample: 1148
20240429-00:36:53 train auc: 0.9950
20240429-00:37:13 epoch:87 - test loss: 0.998 and test acc: 0.820 total sample: 567
20240429-00:37:13 test auc: 0.8196
20240429-00:37:13 ----------------------------------------------------------------------------------------------------
20240429-00:39:12 epoch:88 - train loss: 0.062 and train acc: 0.976 total sample: 1148
20240429-00:39:12 train auc: 0.9976
20240429-00:39:30 epoch:88 - test loss: 0.860 and test acc: 0.824 total sample: 567
20240429-00:39:30 test auc: 0.8068
20240429-00:39:30 ----------------------------------------------------------------------------------------------------
20240429-00:41:28 epoch:89 - train loss: 0.126 and train acc: 0.945 total sample: 1148
20240429-00:41:28 train auc: 0.9964
20240429-00:41:46 epoch:89 - test loss: 1.162 and test acc: 0.820 total sample: 567
20240429-00:41:46 test auc: 0.8129
20240429-00:41:47 ----------------------------------------------------------------------------------------------------
20240429-00:43:47 epoch:90 - train loss: 0.096 and train acc: 0.963 total sample: 1148
20240429-00:43:47 train auc: 0.9939
20240429-00:44:08 epoch:90 - test loss: 0.867 and test acc: 0.825 total sample: 567
20240429-00:44:08 test auc: 0.8194
20240429-00:44:08 ----------------------------------------------------------------------------------------------------
20240429-00:46:07 epoch:91 - train loss: 0.090 and train acc: 0.965 total sample: 1148
20240429-00:46:07 train auc: 0.9967
20240429-00:46:24 epoch:91 - test loss: 0.942 and test acc: 0.824 total sample: 567
20240429-00:46:24 test auc: 0.8297
20240429-00:46:25 ----------------------------------------------------------------------------------------------------
20240429-00:48:25 epoch:92 - train loss: 0.064 and train acc: 0.976 total sample: 1148
20240429-00:48:25 train auc: 0.9980
20240429-00:48:43 epoch:92 - test loss: 0.838 and test acc: 0.827 total sample: 567
20240429-00:48:43 test auc: 0.8285
20240429-00:48:44 ----------------------------------------------------------------------------------------------------
20240429-00:50:41 epoch:93 - train loss: 0.134 and train acc: 0.943 total sample: 1148
20240429-00:50:41 train auc: 0.9936
20240429-00:50:59 epoch:93 - test loss: 1.059 and test acc: 0.810 total sample: 567
20240429-00:50:59 test auc: 0.8103
20240429-00:50:59 ----------------------------------------------------------------------------------------------------
20240429-00:52:56 epoch:94 - train loss: 0.100 and train acc: 0.958 total sample: 1148
20240429-00:52:56 train auc: 0.9932
20240429-00:53:15 epoch:94 - test loss: 0.751 and test acc: 0.797 total sample: 567
20240429-00:53:15 test auc: 0.8168
20240429-00:53:15 ----------------------------------------------------------------------------------------------------
20240429-00:55:12 epoch:95 - train loss: 0.061 and train acc: 0.978 total sample: 1148
20240429-00:55:12 train auc: 0.9972
20240429-00:55:30 epoch:95 - test loss: 0.788 and test acc: 0.824 total sample: 567
20240429-00:55:30 test auc: 0.8229
20240429-00:55:30 ----------------------------------------------------------------------------------------------------
20240429-00:57:27 epoch:96 - train loss: 0.058 and train acc: 0.983 total sample: 1148
20240429-00:57:27 train auc: 0.9972
20240429-00:57:44 epoch:96 - test loss: 0.769 and test acc: 0.817 total sample: 567
20240429-00:57:44 test auc: 0.8186
20240429-00:57:44 ----------------------------------------------------------------------------------------------------
20240429-00:59:41 epoch:97 - train loss: 0.112 and train acc: 0.954 total sample: 1148
20240429-00:59:41 train auc: 0.9957
20240429-00:59:59 epoch:97 - test loss: 1.049 and test acc: 0.811 total sample: 567
20240429-00:59:59 test auc: 0.8184
20240429-01:00:00 ----------------------------------------------------------------------------------------------------
20240429-01:01:56 epoch:98 - train loss: 0.059 and train acc: 0.977 total sample: 1148
20240429-01:01:56 train auc: 0.9980
20240429-01:02:15 epoch:98 - test loss: 0.969 and test acc: 0.836 total sample: 567
20240429-01:02:15 test auc: 0.8139
20240429-01:02:15 ----------------------------------------------------------------------------------------------------
20240429-01:04:13 epoch:99 - train loss: 0.071 and train acc: 0.970 total sample: 1148
20240429-01:04:13 train auc: 0.9976
20240429-01:04:31 epoch:99 - test loss: 0.998 and test acc: 0.840 total sample: 567
20240429-01:04:31 test auc: 0.8239
20240429-01:04:32 ----------------------------------------------------------------------------------------------------
20240429-01:06:32 epoch:100 - train loss: 0.068 and train acc: 0.977 total sample: 1148
20240429-01:06:32 train auc: 0.9972
20240429-01:06:50 epoch:100 - test loss: 0.990 and test acc: 0.820 total sample: 567
20240429-01:06:50 test auc: 0.8090
20240429-01:06:50 ----------------------------------------------------------------------------------------------------
20240429-01:08:49 epoch:101 - train loss: 0.058 and train acc: 0.977 total sample: 1148
20240429-01:08:49 train auc: 0.9976
20240429-01:09:09 epoch:101 - test loss: 0.770 and test acc: 0.825 total sample: 567
20240429-01:09:09 test auc: 0.8194
20240429-01:09:09 ----------------------------------------------------------------------------------------------------
20240429-01:11:09 epoch:102 - train loss: 0.065 and train acc: 0.978 total sample: 1148
20240429-01:11:09 train auc: 0.9969
20240429-01:11:27 epoch:102 - test loss: 0.848 and test acc: 0.825 total sample: 567
20240429-01:11:27 test auc: 0.8094
20240429-01:11:27 ----------------------------------------------------------------------------------------------------
20240429-01:13:28 epoch:103 - train loss: 0.078 and train acc: 0.970 total sample: 1148
20240429-01:13:28 train auc: 0.9955
20240429-01:13:47 epoch:103 - test loss: 0.899 and test acc: 0.787 total sample: 567
20240429-01:13:47 test auc: 0.7934
20240429-01:13:47 ----------------------------------------------------------------------------------------------------
20240429-01:15:45 epoch:104 - train loss: 0.054 and train acc: 0.979 total sample: 1148
20240429-01:15:45 train auc: 0.9984
20240429-01:16:06 epoch:104 - test loss: 0.945 and test acc: 0.834 total sample: 567
20240429-01:16:06 test auc: 0.8221
20240429-01:16:06 ----------------------------------------------------------------------------------------------------
20240429-01:18:06 epoch:105 - train loss: 0.114 and train acc: 0.954 total sample: 1148
20240429-01:18:06 train auc: 0.9976
20240429-01:18:24 epoch:105 - test loss: 1.134 and test acc: 0.824 total sample: 567
20240429-01:18:24 test auc: 0.8297
20240429-01:18:25 ----------------------------------------------------------------------------------------------------
20240429-01:20:27 epoch:106 - train loss: 0.087 and train acc: 0.966 total sample: 1148
20240429-01:20:27 train auc: 0.9963
20240429-01:20:45 epoch:106 - test loss: 0.896 and test acc: 0.827 total sample: 567
20240429-01:20:45 test auc: 0.8292
20240429-01:20:46 ----------------------------------------------------------------------------------------------------
20240429-01:22:47 epoch:107 - train loss: 0.086 and train acc: 0.968 total sample: 1148
20240429-01:22:47 train auc: 0.9958
20240429-01:23:07 epoch:107 - test loss: 1.095 and test acc: 0.832 total sample: 567
20240429-01:23:07 test auc: 0.8224
20240429-01:23:07 ----------------------------------------------------------------------------------------------------
20240429-01:25:06 epoch:108 - train loss: 0.054 and train acc: 0.980 total sample: 1148
20240429-01:25:06 train auc: 0.9979
20240429-01:25:23 epoch:108 - test loss: 0.889 and test acc: 0.832 total sample: 567
20240429-01:25:23 test auc: 0.8135
20240429-01:25:24 ----------------------------------------------------------------------------------------------------
20240429-01:27:22 epoch:109 - train loss: 0.052 and train acc: 0.977 total sample: 1148
20240429-01:27:22 train auc: 0.9984
20240429-01:27:41 epoch:109 - test loss: 0.991 and test acc: 0.802 total sample: 567
20240429-01:27:41 test auc: 0.8155
20240429-01:27:41 ----------------------------------------------------------------------------------------------------
20240429-01:29:38 epoch:110 - train loss: 0.053 and train acc: 0.982 total sample: 1148
20240429-01:29:38 train auc: 0.9981
20240429-01:29:55 epoch:110 - test loss: 0.804 and test acc: 0.829 total sample: 567
20240429-01:29:55 test auc: 0.8253
20240429-01:29:55 ----------------------------------------------------------------------------------------------------
20240429-01:31:51 epoch:111 - train loss: 0.065 and train acc: 0.969 total sample: 1148
20240429-01:31:51 train auc: 0.9981
20240429-01:32:10 epoch:111 - test loss: 0.984 and test acc: 0.810 total sample: 567
20240429-01:32:10 test auc: 0.8206
20240429-01:32:11 ----------------------------------------------------------------------------------------------------
20240429-01:34:08 epoch:112 - train loss: 0.063 and train acc: 0.977 total sample: 1148
20240429-01:34:08 train auc: 0.9976
20240429-01:34:26 epoch:112 - test loss: 1.066 and test acc: 0.817 total sample: 567
20240429-01:34:26 test auc: 0.8171
20240429-01:34:26 ----------------------------------------------------------------------------------------------------
20240429-01:36:24 epoch:113 - train loss: 0.057 and train acc: 0.983 total sample: 1148
20240429-01:36:24 train auc: 0.9981
20240429-01:36:41 epoch:113 - test loss: 0.694 and test acc: 0.825 total sample: 567
20240429-01:36:41 test auc: 0.8446
20240429-01:36:41 ----------------------------------------------------------------------------------------------------
20240429-01:38:39 epoch:114 - train loss: 0.051 and train acc: 0.977 total sample: 1148
20240429-01:38:39 train auc: 0.9991
20240429-01:38:56 epoch:114 - test loss: 0.945 and test acc: 0.829 total sample: 567
20240429-01:38:56 test auc: 0.8320
20240429-01:38:57 ----------------------------------------------------------------------------------------------------
20240429-01:40:52 epoch:115 - train loss: 0.050 and train acc: 0.978 total sample: 1148
20240429-01:40:52 train auc: 0.9992
20240429-01:41:12 epoch:115 - test loss: 0.980 and test acc: 0.848 total sample: 567
20240429-01:41:12 test auc: 0.8233
20240429-01:41:12 ----------------------------------------------------------------------------------------------------
20240429-01:43:08 epoch:116 - train loss: 0.085 and train acc: 0.963 total sample: 1148
20240429-01:43:08 train auc: 0.9976
20240429-01:43:26 epoch:116 - test loss: 1.072 and test acc: 0.836 total sample: 567
20240429-01:43:26 test auc: 0.8233
20240429-01:43:26 ----------------------------------------------------------------------------------------------------
20240429-01:45:23 epoch:117 - train loss: 0.121 and train acc: 0.952 total sample: 1148
20240429-01:45:23 train auc: 0.9971
20240429-01:45:40 epoch:117 - test loss: 1.250 and test acc: 0.815 total sample: 567
20240429-01:45:40 test auc: 0.8108
20240429-01:45:40 ----------------------------------------------------------------------------------------------------
20240429-01:47:37 epoch:118 - train loss: 0.047 and train acc: 0.985 total sample: 1148
20240429-01:47:37 train auc: 0.9982
20240429-01:47:55 epoch:118 - test loss: 0.876 and test acc: 0.836 total sample: 567
20240429-01:47:55 test auc: 0.8108
20240429-01:47:55 ----------------------------------------------------------------------------------------------------
20240429-01:49:51 epoch:119 - train loss: 0.087 and train acc: 0.971 total sample: 1148
20240429-01:49:51 train auc: 0.9973
20240429-01:50:10 epoch:119 - test loss: 0.913 and test acc: 0.765 total sample: 567
20240429-01:50:10 test auc: 0.7941
20240429-01:50:10 ----------------------------------------------------------------------------------------------------
20240429-01:52:08 epoch:120 - train loss: 0.039 and train acc: 0.984 total sample: 1148
20240429-01:52:08 train auc: 0.9991
20240429-01:52:25 epoch:120 - test loss: 1.076 and test acc: 0.829 total sample: 567
20240429-01:52:25 test auc: 0.8076
20240429-01:52:25 ----------------------------------------------------------------------------------------------------
20240429-01:54:22 epoch:121 - train loss: 0.052 and train acc: 0.982 total sample: 1148
20240429-01:54:22 train auc: 0.9994
20240429-01:54:40 epoch:121 - test loss: 0.875 and test acc: 0.817 total sample: 567
20240429-01:54:40 test auc: 0.8170
20240429-01:54:40 ----------------------------------------------------------------------------------------------------
20240429-01:56:38 epoch:122 - train loss: 0.039 and train acc: 0.990 total sample: 1148
20240429-01:56:38 train auc: 0.9992
20240429-01:56:55 epoch:122 - test loss: 0.994 and test acc: 0.841 total sample: 567
20240429-01:56:55 test auc: 0.8157
20240429-01:56:55 ----------------------------------------------------------------------------------------------------
20240429-01:58:51 epoch:123 - train loss: 0.053 and train acc: 0.980 total sample: 1148
20240429-01:58:51 train auc: 0.9990
20240429-01:59:10 epoch:123 - test loss: 0.820 and test acc: 0.811 total sample: 567
20240429-01:59:10 test auc: 0.8237
20240429-01:59:11 ----------------------------------------------------------------------------------------------------
20240429-02:01:08 epoch:124 - train loss: 0.048 and train acc: 0.983 total sample: 1148
20240429-02:01:08 train auc: 0.9989
20240429-02:01:26 epoch:124 - test loss: 1.012 and test acc: 0.813 total sample: 567
20240429-02:01:26 test auc: 0.8077
20240429-02:01:26 ----------------------------------------------------------------------------------------------------
20240429-02:03:23 epoch:125 - train loss: 0.092 and train acc: 0.965 total sample: 1148
20240429-02:03:23 train auc: 0.9985
20240429-02:03:40 epoch:125 - test loss: 1.266 and test acc: 0.829 total sample: 567
20240429-02:03:40 test auc: 0.8178
20240429-02:03:41 ----------------------------------------------------------------------------------------------------
20240429-02:05:37 epoch:126 - train loss: 0.046 and train acc: 0.980 total sample: 1148
20240429-02:05:37 train auc: 0.9994
20240429-02:05:55 epoch:126 - test loss: 1.015 and test acc: 0.825 total sample: 567
20240429-02:05:55 test auc: 0.8206
20240429-02:05:55 ----------------------------------------------------------------------------------------------------
20240429-02:07:52 epoch:127 - train loss: 0.044 and train acc: 0.981 total sample: 1148
20240429-02:07:52 train auc: 0.9994
20240429-02:08:11 epoch:127 - test loss: 1.128 and test acc: 0.840 total sample: 567
20240429-02:08:11 test auc: 0.8129
20240429-02:08:11 ----------------------------------------------------------------------------------------------------
20240429-02:10:08 epoch:128 - train loss: 0.056 and train acc: 0.981 total sample: 1148
20240429-02:10:08 train auc: 0.9983
20240429-02:10:25 epoch:128 - test loss: 0.883 and test acc: 0.797 total sample: 567
20240429-02:10:25 test auc: 0.8056
20240429-02:10:25 ----------------------------------------------------------------------------------------------------
20240429-02:12:22 epoch:129 - train loss: 0.032 and train acc: 0.991 total sample: 1148
20240429-02:12:22 train auc: 0.9996
20240429-02:12:40 epoch:129 - test loss: 0.944 and test acc: 0.804 total sample: 567
20240429-02:12:40 test auc: 0.8068
20240429-02:12:40 ----------------------------------------------------------------------------------------------------
20240429-02:14:38 epoch:130 - train loss: 0.033 and train acc: 0.989 total sample: 1148
20240429-02:14:38 train auc: 0.9994
20240429-02:14:56 epoch:130 - test loss: 0.914 and test acc: 0.822 total sample: 567
20240429-02:14:56 test auc: 0.8128
20240429-02:14:56 ----------------------------------------------------------------------------------------------------
20240429-02:16:53 epoch:131 - train loss: 0.052 and train acc: 0.982 total sample: 1148
20240429-02:16:53 train auc: 0.9993
20240429-02:17:12 epoch:131 - test loss: 1.199 and test acc: 0.832 total sample: 567
20240429-02:17:12 test auc: 0.8156
20240429-02:17:12 ----------------------------------------------------------------------------------------------------
20240429-02:19:08 epoch:132 - train loss: 0.055 and train acc: 0.978 total sample: 1148
20240429-02:19:08 train auc: 0.9991
20240429-02:19:26 epoch:132 - test loss: 0.943 and test acc: 0.765 total sample: 567
20240429-02:19:26 test auc: 0.8089
20240429-02:19:26 ----------------------------------------------------------------------------------------------------
20240429-02:21:24 epoch:133 - train loss: 0.063 and train acc: 0.976 total sample: 1148
20240429-02:21:24 train auc: 0.9991
20240429-02:21:43 epoch:133 - test loss: 0.888 and test acc: 0.781 total sample: 567
20240429-02:21:43 test auc: 0.8121
20240429-02:21:43 ----------------------------------------------------------------------------------------------------
20240429-02:23:39 epoch:134 - train loss: 0.056 and train acc: 0.981 total sample: 1148
20240429-02:23:39 train auc: 0.9988
20240429-02:23:57 epoch:134 - test loss: 0.918 and test acc: 0.790 total sample: 567
20240429-02:23:57 test auc: 0.8058
20240429-02:23:57 ----------------------------------------------------------------------------------------------------
20240429-02:25:53 epoch:135 - train loss: 0.039 and train acc: 0.983 total sample: 1148
20240429-02:25:53 train auc: 0.9995
20240429-02:26:12 epoch:135 - test loss: 0.944 and test acc: 0.810 total sample: 567
20240429-02:26:12 test auc: 0.8141
20240429-02:26:12 ----------------------------------------------------------------------------------------------------
20240429-02:28:09 epoch:136 - train loss: 0.073 and train acc: 0.972 total sample: 1148
20240429-02:28:09 train auc: 0.9990
20240429-02:28:26 epoch:136 - test loss: 1.029 and test acc: 0.774 total sample: 567
20240429-02:28:26 test auc: 0.8001
20240429-02:28:27 ----------------------------------------------------------------------------------------------------
20240429-02:30:23 epoch:137 - train loss: 0.033 and train acc: 0.987 total sample: 1148
20240429-02:30:23 train auc: 0.9995
20240429-02:30:41 epoch:137 - test loss: 0.976 and test acc: 0.824 total sample: 567
20240429-02:30:41 test auc: 0.8246
20240429-02:30:41 ----------------------------------------------------------------------------------------------------
20240429-02:32:38 epoch:138 - train loss: 0.025 and train acc: 0.991 total sample: 1148
20240429-02:32:38 train auc: 0.9997
20240429-02:32:56 epoch:138 - test loss: 1.250 and test acc: 0.831 total sample: 567
20240429-02:32:56 test auc: 0.8190
20240429-02:32:56 ----------------------------------------------------------------------------------------------------
20240429-02:34:52 epoch:139 - train loss: 0.026 and train acc: 0.989 total sample: 1148
20240429-02:34:52 train auc: 0.9996
20240429-02:35:11 epoch:139 - test loss: 1.048 and test acc: 0.827 total sample: 567
20240429-02:35:11 test auc: 0.8165
20240429-02:35:11 ----------------------------------------------------------------------------------------------------
20240429-02:37:08 epoch:140 - train loss: 0.062 and train acc: 0.976 total sample: 1148
20240429-02:37:08 train auc: 0.9985
20240429-02:37:26 epoch:140 - test loss: 1.373 and test acc: 0.840 total sample: 567
20240429-02:37:26 test auc: 0.8262
20240429-02:37:26 ----------------------------------------------------------------------------------------------------
20240429-02:39:22 epoch:141 - train loss: 0.026 and train acc: 0.990 total sample: 1148
20240429-02:39:22 train auc: 0.9997
20240429-02:39:40 epoch:141 - test loss: 1.026 and test acc: 0.838 total sample: 567
20240429-02:39:40 test auc: 0.8302
20240429-02:39:40 ----------------------------------------------------------------------------------------------------
20240429-02:41:37 epoch:142 - train loss: 0.080 and train acc: 0.970 total sample: 1148
20240429-02:41:37 train auc: 0.9986
20240429-02:41:55 epoch:142 - test loss: 1.376 and test acc: 0.829 total sample: 567
20240429-02:41:55 test auc: 0.8356
20240429-02:41:55 ----------------------------------------------------------------------------------------------------
20240429-02:43:51 epoch:143 - train loss: 0.028 and train acc: 0.991 total sample: 1148
20240429-02:43:51 train auc: 0.9998
20240429-02:44:10 epoch:143 - test loss: 1.092 and test acc: 0.834 total sample: 567
20240429-02:44:10 test auc: 0.8165
20240429-02:44:10 ----------------------------------------------------------------------------------------------------
20240429-02:46:06 epoch:144 - train loss: 0.018 and train acc: 0.996 total sample: 1148
20240429-02:46:06 train auc: 0.9999
20240429-02:46:24 epoch:144 - test loss: 1.032 and test acc: 0.824 total sample: 567
20240429-02:46:24 test auc: 0.8275
20240429-02:46:24 ----------------------------------------------------------------------------------------------------
20240429-02:48:21 epoch:145 - train loss: 0.070 and train acc: 0.974 total sample: 1148
20240429-02:48:21 train auc: 0.9988
20240429-02:48:39 epoch:145 - test loss: 0.950 and test acc: 0.788 total sample: 567
20240429-02:48:39 test auc: 0.8042
20240429-02:48:39 ----------------------------------------------------------------------------------------------------
20240429-02:50:35 epoch:146 - train loss: 0.016 and train acc: 0.995 total sample: 1148
20240429-02:50:35 train auc: 0.9999
20240429-02:50:53 epoch:146 - test loss: 0.998 and test acc: 0.825 total sample: 567
20240429-02:50:53 test auc: 0.8258
20240429-02:50:53 ----------------------------------------------------------------------------------------------------
20240429-02:52:50 epoch:147 - train loss: 0.025 and train acc: 0.990 total sample: 1148
20240429-02:52:50 train auc: 0.9998
20240429-02:53:09 epoch:147 - test loss: 1.001 and test acc: 0.813 total sample: 567
20240429-02:53:09 test auc: 0.8182
20240429-02:53:09 ----------------------------------------------------------------------------------------------------
20240429-02:55:07 epoch:148 - train loss: 0.021 and train acc: 0.992 total sample: 1148
20240429-02:55:07 train auc: 0.9998
20240429-02:55:24 epoch:148 - test loss: 0.954 and test acc: 0.825 total sample: 567
20240429-02:55:24 test auc: 0.8205
20240429-02:55:24 ----------------------------------------------------------------------------------------------------
20240429-02:57:22 epoch:149 - train loss: 0.050 and train acc: 0.982 total sample: 1148
20240429-02:57:22 train auc: 0.9988
20240429-02:57:39 epoch:149 - test loss: 1.061 and test acc: 0.792 total sample: 567
20240429-02:57:39 test auc: 0.8005
20240429-02:57:39 ----------------------------------------------------------------------------------------------------
20240429-02:59:36 epoch:150 - train loss: 0.023 and train acc: 0.992 total sample: 1148
20240429-02:59:36 train auc: 0.9999
20240429-02:59:54 epoch:150 - test loss: 0.959 and test acc: 0.820 total sample: 567
20240429-02:59:54 test auc: 0.8173
